#
# There is insufficient memory for the Java Runtime Environment to continue.
# Native memory allocation (malloc) failed to allocate 935104 bytes for Chunk::new
# Possible reasons:
#   The system is out of physical RAM or swap space
#   The process is running with CompressedOops enabled, and the Java Heap may be blocking the growth of the native heap
# Possible solutions:
#   Reduce memory load on the system
#   Increase physical memory or swap space
#   Check if swap backing store is full
#   Decrease Java heap size (-Xmx/-Xms)
#   Decrease number of Java threads
#   Decrease Java thread stack sizes (-Xss)
#   Set larger code cache with -XX:ReservedCodeCacheSize=
#   JVM is running with Unscaled Compressed Oops mode in which the Java heap is
#     placed in the first 4GB address space. The Java Heap base address is the
#     maximum limit for the native heap growth. Please use -XX:HeapBaseMinAddress
#     to set the Java Heap base and to place the Java Heap above 4GB virtual address.
# This output file may be truncated or incomplete.
#
#  Out of Memory Error (arena.cpp:168), pid=20796, tid=21468
#
# JRE version: Java(TM) SE Runtime Environment (21.0.2+13) (build 21.0.2+13-LTS-58)
# Java VM: Java HotSpot(TM) 64-Bit Server VM (21.0.2+13-LTS-58, mixed mode, sharing, tiered, compressed oops, compressed class ptrs, g1 gc, windows-amd64)
# No core dump will be written. Minidumps are not enabled by default on client versions of Windows
#

---------------  S U M M A R Y ------------

Command Line: --add-opens=java.base/java.util=ALL-UNNAMED --add-opens=java.base/java.lang=ALL-UNNAMED --add-opens=java.base/java.lang.invoke=ALL-UNNAMED --add-opens=java.prefs/java.util.prefs=ALL-UNNAMED --add-opens=java.base/java.nio.charset=ALL-UNNAMED --add-opens=java.base/java.net=ALL-UNNAMED --add-opens=java.base/java.util.concurrent.atomic=ALL-UNNAMED -XX:MaxMetaspaceSize=384m -XX:+HeapDumpOnOutOfMemoryError -Xms256m -Xmx512m -Dfile.encoding=windows-1252 -Duser.country=US -Duser.language=en -Duser.variant -javaagent:C:\Users\Pc\.gradle\wrapper\dists\gradle-8.7-bin\bhs2wmbdwecv87pi65oeuq5iu\gradle-8.7\lib\agents\gradle-instrumentation-agent-8.7.jar org.gradle.launcher.daemon.bootstrap.GradleDaemon 8.7

Host: Intel(R) Core(TM) i5-4210U CPU @ 1.70GHz, 4 cores, 7G,  Windows 11 , 64 bit Build 22621 (10.0.22621.3374)
Time: Mon Apr  8 19:59:29 2024 SE Asia Standard Time elapsed time: 49.349607 seconds (0d 0h 0m 49s)

---------------  T H R E A D  ---------------

Current thread (0x000002296f791280):  JavaThread "C2 CompilerThread0" daemon [_thread_in_native, id=21468, stack(0x000000655a900000,0x000000655aa00000) (1024K)]


Current CompileTask:
C2:  49349 10477       4       io.spring.gradle.dependencymanagement.org.codehaus.plexus.util.xml.pull.MXParser::parseAttribute (1656 bytes)

Stack: [0x000000655a900000,0x000000655aa00000]
Native frames: (J=compiled Java code, j=interpreted, Vv=VM code, C=native code)
V  [jvm.dll+0x6cade9]
V  [jvm.dll+0x8569c1]
V  [jvm.dll+0x858d2e]
V  [jvm.dll+0x859413]
V  [jvm.dll+0x280e56]
V  [jvm.dll+0xc3f3d]
V  [jvm.dll+0xc4473]
V  [jvm.dll+0x3b5c2c]
V  [jvm.dll+0x382855]
V  [jvm.dll+0x381cca]
V  [jvm.dll+0x249bd0]
V  [jvm.dll+0x2491b1]
V  [jvm.dll+0x1c9634]
V  [jvm.dll+0x258859]
V  [jvm.dll+0x256e3a]
V  [jvm.dll+0x3ef6c6]
V  [jvm.dll+0x7ff568]
V  [jvm.dll+0x6c953d]
C  [ucrtbase.dll+0x29333]
C  [KERNEL32.DLL+0x1257d]
C  [ntdll.dll+0x5aa48]


---------------  P R O C E S S  ---------------

Threads class SMR info:
_java_thread_list=0x00000229791a29b0, length=84, elements={
0x000002295540cbb0, 0x000002296f7769f0, 0x000002296f777bc0, 0x000002296f77e9b0,
0x000002296f780420, 0x000002296f781290, 0x000002296f783f10, 0x000002296f791280,
0x000002296f793d30, 0x000002296f956e30, 0x000002296faa1900, 0x0000022975582e10,
0x000002297598da00, 0x000002297477c130, 0x0000022975981320, 0x00000229756f6690,
0x0000022975744810, 0x0000022975741a20, 0x0000022975743460, 0x00000229759fd890,
0x00000229759faaa0, 0x00000229759fa410, 0x00000229759fb7c0, 0x00000229759fc4e0,
0x00000229759fd200, 0x00000229759ffff0, 0x0000022978b10120, 0x0000022978b0abd0,
0x0000022978b0f400, 0x0000022978b0e050, 0x0000022978b107b0, 0x0000022978b10e40,
0x0000022978b114d0, 0x0000022978b0a540, 0x0000022978b0b8f0, 0x0000022978b0ed70,
0x0000022978b11b60, 0x0000022978b0b260, 0x0000022978b0bf80, 0x0000022978b0c610,
0x0000022978b0cca0, 0x0000022978b0d330, 0x0000022978b0d9c0, 0x0000022978b0e6e0,
0x00000229759ff2d0, 0x00000229759f9060, 0x00000229759fbe50, 0x00000229759fb130,
0x0000022975a00680, 0x00000229759f96f0, 0x00000229759f9d80, 0x0000022975742740,
0x00000229757420b0, 0x0000022975742dd0, 0x0000022976df8c00, 0x0000022976dfc710,
0x0000022976dfb360, 0x0000022976dfa640, 0x0000022976dfacd0, 0x0000022976dfb9f0,
0x0000022976dfc080, 0x0000022976dfd430, 0x0000022976dfcda0, 0x0000022976e00220,
0x0000022976dfdac0, 0x0000022976df9290, 0x0000022976df9920, 0x0000022976dfe150,
0x0000022976df9fb0, 0x0000022976dffb90, 0x0000022976dff500, 0x0000022976dfe7e0,
0x0000022976dfee70, 0x00000229759fcb70, 0x0000022976cae100, 0x0000022976cad3e0,
0x0000022976cac030, 0x0000022976cae790, 0x0000022976cada70, 0x0000022976caee20,
0x0000022976cac6c0, 0x0000022976cab9a0, 0x0000022976cacd50, 0x00000229758d81d0
}

Java Threads: ( => current thread )
  0x000002295540cbb0 JavaThread "main"                              [_thread_blocked, id=21068, stack(0x0000006559b00000,0x0000006559c00000) (1024K)]
  0x000002296f7769f0 JavaThread "Reference Handler"          daemon [_thread_blocked, id=21996, stack(0x000000655a300000,0x000000655a400000) (1024K)]
  0x000002296f777bc0 JavaThread "Finalizer"                  daemon [_thread_blocked, id=24180, stack(0x000000655a400000,0x000000655a500000) (1024K)]
  0x000002296f77e9b0 JavaThread "Signal Dispatcher"          daemon [_thread_blocked, id=18888, stack(0x000000655a500000,0x000000655a600000) (1024K)]
  0x000002296f780420 JavaThread "Attach Listener"            daemon [_thread_blocked, id=14264, stack(0x000000655a600000,0x000000655a700000) (1024K)]
  0x000002296f781290 JavaThread "Service Thread"             daemon [_thread_blocked, id=18796, stack(0x000000655a700000,0x000000655a800000) (1024K)]
  0x000002296f783f10 JavaThread "Monitor Deflation Thread"   daemon [_thread_blocked, id=23448, stack(0x000000655a800000,0x000000655a900000) (1024K)]
=>0x000002296f791280 JavaThread "C2 CompilerThread0"         daemon [_thread_in_native, id=21468, stack(0x000000655a900000,0x000000655aa00000) (1024K)]
  0x000002296f793d30 JavaThread "C1 CompilerThread0"         daemon [_thread_blocked, id=18548, stack(0x000000655aa00000,0x000000655ab00000) (1024K)]
  0x000002296f956e30 JavaThread "Common-Cleaner"             daemon [_thread_blocked, id=26748, stack(0x000000655ab00000,0x000000655ac00000) (1024K)]
  0x000002296faa1900 JavaThread "Notification Thread"        daemon [_thread_blocked, id=24948, stack(0x000000655ac00000,0x000000655ad00000) (1024K)]
  0x0000022975582e10 JavaThread "Daemon health stats"               [_thread_blocked, id=20660, stack(0x000000655b100000,0x000000655b200000) (1024K)]
  0x000002297598da00 JavaThread "Incoming local TCP Connector on port 61972"        [_thread_in_native, id=24312, stack(0x000000655b200000,0x000000655b300000) (1024K)]
  0x000002297477c130 JavaThread "Daemon periodic checks"            [_thread_blocked, id=27500, stack(0x000000655b300000,0x000000655b400000) (1024K)]
  0x0000022975981320 JavaThread "Daemon"                            [_thread_blocked, id=23596, stack(0x000000655b400000,0x000000655b500000) (1024K)]
  0x00000229756f6690 JavaThread "Daemon worker"                     [_thread_blocked, id=21128, stack(0x000000655b700000,0x000000655b800000) (1024K)]
  0x0000022975744810 JavaThread "Cache worker for journal cache (C:\Users\Pc\.gradle\caches\journal-1)"        [_thread_blocked, id=9440, stack(0x000000655ad00000,0x000000655ae00000) (1024K)]
  0x0000022975741a20 JavaThread "File lock request listener"        [_thread_in_native, id=26648, stack(0x000000655bb00000,0x000000655bc00000) (1024K)]
  0x0000022975743460 JavaThread "Cache worker for file hash cache (C:\Users\Pc\.gradle\caches\8.7\fileHashes)"        [_thread_blocked, id=11948, stack(0x000000655bc00000,0x000000655bd00000) (1024K)]
  0x00000229759fd890 JavaThread "File watcher server"        daemon [_thread_in_native, id=18064, stack(0x000000655bf00000,0x000000655c000000) (1024K)]
  0x00000229759faaa0 JavaThread "File watcher consumer"      daemon [_thread_blocked, id=24136, stack(0x000000655c000000,0x000000655c100000) (1024K)]
  0x00000229759fa410 JavaThread "Cache worker for file content cache (C:\Users\Pc\.gradle\caches\8.7\fileContent)"        [_thread_blocked, id=25484, stack(0x000000655c300000,0x000000655c400000) (1024K)]
  0x00000229759fb7c0 JavaThread "jar transforms"                    [_thread_blocked, id=20980, stack(0x000000655c500000,0x000000655c600000) (1024K)]
  0x00000229759fc4e0 JavaThread "jar transforms Thread 2"           [_thread_blocked, id=26512, stack(0x000000655c400000,0x000000655c500000) (1024K)]
  0x00000229759fd200 JavaThread "jar transforms Thread 3"           [_thread_blocked, id=26128, stack(0x000000655c700000,0x000000655c800000) (1024K)]
  0x00000229759ffff0 JavaThread "jar transforms Thread 4"           [_thread_blocked, id=17236, stack(0x000000655c800000,0x000000655c900000) (1024K)]
  0x0000022978b10120 JavaThread "Memory manager"                    [_thread_blocked, id=21252, stack(0x000000655d000000,0x000000655d100000) (1024K)]
  0x0000022978b0abd0 JavaThread "included builds"                   [_thread_blocked, id=18616, stack(0x000000655d100000,0x000000655d200000) (1024K)]
  0x0000022978b0f400 JavaThread "VFS cleanup"                       [_thread_blocked, id=20788, stack(0x000000655b800000,0x000000655b900000) (1024K)]
  0x0000022978b0e050 JavaThread "Handler for socket connection from /127.0.0.1:61972 to /127.0.0.1:62004"        [_thread_in_native, id=22476, stack(0x000000655b500000,0x000000655b600000) (1024K)]
  0x0000022978b107b0 JavaThread "Cancel handler"                    [_thread_blocked, id=492, stack(0x000000655b600000,0x000000655b700000) (1024K)]
  0x0000022978b10e40 JavaThread "Asynchronous log dispatcher for DefaultDaemonConnection: socket connection from /127.0.0.1:61972 to /127.0.0.1:62004"        [_thread_in_native, id=5648, stack(0x000000655b900000,0x000000655ba00000) (1024K)]
  0x0000022978b114d0 JavaThread "Stdin handler"                     [_thread_blocked, id=27632, stack(0x000000655ba00000,0x000000655bb00000) (1024K)]
  0x0000022978b0a540 JavaThread "Daemon client event forwarder"        [_thread_blocked, id=26188, stack(0x000000655bd00000,0x000000655be00000) (1024K)]
  0x0000022978b0b8f0 JavaThread "Cache worker for file hash cache (D:\Java2\HocLaiSpringBoot\.gradle\8.7\fileHashes)"        [_thread_blocked, id=16488, stack(0x000000655be00000,0x000000655bf00000) (1024K)]
  0x0000022978b0ed70 JavaThread "Cache worker for checksums cache (D:\Java2\HocLaiSpringBoot\.gradle\8.7\checksums)"        [_thread_blocked, id=6880, stack(0x000000655c100000,0x000000655c200000) (1024K)]
  0x0000022978b11b60 JavaThread "Cache worker for cache directory md-supplier (C:\Users\Pc\.gradle\caches\8.7\md-supplier)"        [_thread_blocked, id=21200, stack(0x000000655c200000,0x000000655c300000) (1024K)]
  0x0000022978b0b260 JavaThread "Cache worker for cache directory md-rule (C:\Users\Pc\.gradle\caches\8.7\md-rule)"        [_thread_blocked, id=25860, stack(0x000000655c600000,0x000000655c700000) (1024K)]
  0x0000022978b0bf80 JavaThread "Cache worker for Build Output Cleanup Cache (D:\Java2\HocLaiSpringBoot\.gradle\buildOutputCleanup)"        [_thread_blocked, id=17328, stack(0x000000655c900000,0x000000655ca00000) (1024K)]
  0x0000022978b0c610 JavaThread "Unconstrained build operations"        [_thread_blocked, id=27188, stack(0x000000655ca00000,0x000000655cb00000) (1024K)]
  0x0000022978b0cca0 JavaThread "Unconstrained build operations Thread 2"        [_thread_blocked, id=25424, stack(0x000000655cb00000,0x000000655cc00000) (1024K)]
  0x0000022978b0d330 JavaThread "Unconstrained build operations Thread 3"        [_thread_blocked, id=7816, stack(0x000000655cc00000,0x000000655cd00000) (1024K)]
  0x0000022978b0d9c0 JavaThread "included builds"                   [_thread_in_native, id=18436, stack(0x000000655cd00000,0x000000655ce00000) (1024K)]
  0x0000022978b0e6e0 JavaThread "Execution worker"                  [_thread_blocked, id=23360, stack(0x000000655ce00000,0x000000655cf00000) (1024K)]
  0x00000229759ff2d0 JavaThread "Execution worker Thread 2"         [_thread_blocked, id=24672, stack(0x000000655cf00000,0x000000655d000000) (1024K)]
  0x00000229759f9060 JavaThread "Execution worker Thread 3"         [_thread_blocked, id=16020, stack(0x000000655d200000,0x000000655d300000) (1024K)]
  0x00000229759fbe50 JavaThread "Cache worker for execution history cache (D:\Java2\HocLaiSpringBoot\.gradle\8.7\executionHistory)"        [_thread_blocked, id=24736, stack(0x000000655d300000,0x000000655d400000) (1024K)]
  0x00000229759fb130 JavaThread "Unconstrained build operations Thread 4"        [_thread_blocked, id=11560, stack(0x000000655d400000,0x000000655d500000) (1024K)]
  0x0000022975a00680 JavaThread "Unconstrained build operations Thread 5"        [_thread_blocked, id=11204, stack(0x000000655d500000,0x000000655d600000) (1024K)]
  0x00000229759f96f0 JavaThread "Unconstrained build operations Thread 6"        [_thread_blocked, id=25724, stack(0x000000655d600000,0x000000655d700000) (1024K)]
  0x00000229759f9d80 JavaThread "Unconstrained build operations Thread 7"        [_thread_blocked, id=15112, stack(0x000000655d700000,0x000000655d800000) (1024K)]
  0x0000022975742740 JavaThread "Unconstrained build operations Thread 8"        [_thread_blocked, id=24484, stack(0x000000655d800000,0x000000655d900000) (1024K)]
  0x00000229757420b0 JavaThread "Unconstrained build operations Thread 9"        [_thread_blocked, id=26712, stack(0x000000655d900000,0x000000655da00000) (1024K)]
  0x0000022975742dd0 JavaThread "Unconstrained build operations Thread 10"        [_thread_blocked, id=7464, stack(0x000000655da00000,0x000000655db00000) (1024K)]
  0x0000022976df8c00 JavaThread "Unconstrained build operations Thread 11"        [_thread_blocked, id=16900, stack(0x000000655db00000,0x000000655dc00000) (1024K)]
  0x0000022976dfc710 JavaThread "Unconstrained build operations Thread 12"        [_thread_blocked, id=23628, stack(0x000000655dc00000,0x000000655dd00000) (1024K)]
  0x0000022976dfb360 JavaThread "Unconstrained build operations Thread 13"        [_thread_blocked, id=27232, stack(0x000000655dd00000,0x000000655de00000) (1024K)]
  0x0000022976dfa640 JavaThread "Unconstrained build operations Thread 14"        [_thread_blocked, id=3124, stack(0x000000655de00000,0x000000655df00000) (1024K)]
  0x0000022976dfacd0 JavaThread "Unconstrained build operations Thread 15"        [_thread_blocked, id=22556, stack(0x000000655df00000,0x000000655e000000) (1024K)]
  0x0000022976dfb9f0 JavaThread "Unconstrained build operations Thread 16"        [_thread_blocked, id=15604, stack(0x000000655e000000,0x000000655e100000) (1024K)]
  0x0000022976dfc080 JavaThread "Unconstrained build operations Thread 17"        [_thread_blocked, id=25036, stack(0x000000655e100000,0x000000655e200000) (1024K)]
  0x0000022976dfd430 JavaThread "Unconstrained build operations Thread 18"        [_thread_blocked, id=21260, stack(0x000000655e200000,0x000000655e300000) (1024K)]
  0x0000022976dfcda0 JavaThread "Unconstrained build operations Thread 19"        [_thread_blocked, id=6740, stack(0x000000655e300000,0x000000655e400000) (1024K)]
  0x0000022976e00220 JavaThread "Unconstrained build operations Thread 20"        [_thread_blocked, id=7360, stack(0x000000655e400000,0x000000655e500000) (1024K)]
  0x0000022976dfdac0 JavaThread "Unconstrained build operations Thread 21"        [_thread_blocked, id=26208, stack(0x000000655e500000,0x000000655e600000) (1024K)]
  0x0000022976df9290 JavaThread "Unconstrained build operations Thread 22"        [_thread_blocked, id=24692, stack(0x000000655e600000,0x000000655e700000) (1024K)]
  0x0000022976df9920 JavaThread "Unconstrained build operations Thread 23"        [_thread_blocked, id=25220, stack(0x000000655e700000,0x000000655e800000) (1024K)]
  0x0000022976dfe150 JavaThread "Unconstrained build operations Thread 24"        [_thread_blocked, id=23312, stack(0x000000655e800000,0x000000655e900000) (1024K)]
  0x0000022976df9fb0 JavaThread "Unconstrained build operations Thread 25"        [_thread_blocked, id=15740, stack(0x000000655e900000,0x000000655ea00000) (1024K)]
  0x0000022976dffb90 JavaThread "Unconstrained build operations Thread 26"        [_thread_blocked, id=15788, stack(0x000000655ea00000,0x000000655eb00000) (1024K)]
  0x0000022976dff500 JavaThread "Unconstrained build operations Thread 27"        [_thread_blocked, id=26324, stack(0x000000655eb00000,0x000000655ec00000) (1024K)]
  0x0000022976dfe7e0 JavaThread "Unconstrained build operations Thread 28"        [_thread_blocked, id=25388, stack(0x000000655ec00000,0x000000655ed00000) (1024K)]
  0x0000022976dfee70 JavaThread "Unconstrained build operations Thread 29"        [_thread_blocked, id=11764, stack(0x000000655ed00000,0x000000655ee00000) (1024K)]
  0x00000229759fcb70 JavaThread "Unconstrained build operations Thread 30"        [_thread_blocked, id=19652, stack(0x000000655ee00000,0x000000655ef00000) (1024K)]
  0x0000022976cae100 JavaThread "Unconstrained build operations Thread 31"        [_thread_blocked, id=11880, stack(0x000000655ef00000,0x000000655f000000) (1024K)]
  0x0000022976cad3e0 JavaThread "Unconstrained build operations Thread 32"        [_thread_blocked, id=15324, stack(0x000000655f000000,0x000000655f100000) (1024K)]
  0x0000022976cac030 JavaThread "Unconstrained build operations Thread 33"        [_thread_blocked, id=17876, stack(0x000000655f100000,0x000000655f200000) (1024K)]
  0x0000022976cae790 JavaThread "Unconstrained build operations Thread 34"        [_thread_blocked, id=23908, stack(0x000000655f200000,0x000000655f300000) (1024K)]
  0x0000022976cada70 JavaThread "Unconstrained build operations Thread 35"        [_thread_blocked, id=11228, stack(0x000000655f300000,0x000000655f400000) (1024K)]
  0x0000022976caee20 JavaThread "Unconstrained build operations Thread 36"        [_thread_blocked, id=15548, stack(0x000000655f400000,0x000000655f500000) (1024K)]
  0x0000022976cac6c0 JavaThread "Unconstrained build operations Thread 37"        [_thread_blocked, id=22364, stack(0x000000655f500000,0x000000655f600000) (1024K)]
  0x0000022976cab9a0 JavaThread "Unconstrained build operations Thread 38"        [_thread_blocked, id=26828, stack(0x000000655f600000,0x000000655f700000) (1024K)]
  0x0000022976cacd50 JavaThread "Unconstrained build operations Thread 39"        [_thread_blocked, id=20680, stack(0x000000655f700000,0x000000655f800000) (1024K)]
  0x00000229758d81d0 JavaThread "Unconstrained build operations Thread 40"        [_thread_blocked, id=10544, stack(0x000000655f800000,0x000000655f900000) (1024K)]
Total: 84

Other Threads:
  0x000002296f75c400 VMThread "VM Thread"                           [id=12984, stack(0x000000655a200000,0x000000655a300000) (1024K)]
  0x000002296f744d50 WatcherThread "VM Periodic Task Thread"        [id=17924, stack(0x000000655a100000,0x000000655a200000) (1024K)]
  0x0000022955439980 WorkerThread "GC Thread#0"                     [id=21700, stack(0x0000006559c00000,0x0000006559d00000) (1024K)]
  0x000002296fbd15d0 WorkerThread "GC Thread#1"                     [id=22904, stack(0x000000655ae00000,0x000000655af00000) (1024K)]
  0x000002296fbd1970 WorkerThread "GC Thread#2"                     [id=18896, stack(0x000000655af00000,0x000000655b000000) (1024K)]
  0x000002296fbd1d10 WorkerThread "GC Thread#3"                     [id=6416, stack(0x000000655b000000,0x000000655b100000) (1024K)]
  0x000002295543ea10 ConcurrentGCThread "G1 Main Marker"            [id=24600, stack(0x0000006559d00000,0x0000006559e00000) (1024K)]
  0x000002295543fbb0 WorkerThread "G1 Conc#0"                       [id=18788, stack(0x0000006559e00000,0x0000006559f00000) (1024K)]
  0x00000229554ce600 ConcurrentGCThread "G1 Refine#0"               [id=25268, stack(0x0000006559f00000,0x000000655a000000) (1024K)]
  0x000002296f616660 ConcurrentGCThread "G1 Service"                [id=19972, stack(0x000000655a000000,0x000000655a100000) (1024K)]
Total: 10

Threads with active compile tasks:
C2 CompilerThread0    49419 10477       4       io.spring.gradle.dependencymanagement.org.codehaus.plexus.util.xml.pull.MXParser::parseAttribute (1656 bytes)
Total: 1

VM state: not at safepoint (normal execution)

VM Mutex/Monitor currently owned by a thread: None

Heap address: 0x00000000e0000000, size: 512 MB, Compressed Oops mode: 32-bit

CDS archive(s) mapped at: [0x0000022900000000-0x0000022900c90000-0x0000022900c90000), size 13172736, SharedBaseAddress: 0x0000022900000000, ArchiveRelocationMode: 1.
Compressed class space mapped at: 0x0000022901000000-0x0000022915000000, reserved size: 335544320
Narrow klass base: 0x0000022900000000, Narrow klass shift: 0, Narrow klass range: 0x100000000

GC Precious Log:
 CardTable entry size: 512
 Card Set container configuration: InlinePtr #cards 5 size 8 Array Of Cards #cards 12 size 40 Howl #buckets 4 coarsen threshold 1843 Howl Bitmap #cards 512 size 80 coarsen threshold 460 Card regions per heap region 1 cards per card region 2048
 CPUs: 4 total, 4 available
 Memory: 8095M
 Large Page Support: Disabled
 NUMA Support: Disabled
 Compressed Oops: Enabled (32-bit)
 Heap Region Size: 1M
 Heap Min Capacity: 256M
 Heap Initial Capacity: 256M
 Heap Max Capacity: 512M
 Pre-touch: Disabled
 Parallel Workers: 4
 Concurrent Workers: 1
 Concurrent Refinement Workers: 4
 Periodic GC: Disabled

Heap:
 garbage-first heap   total 262144K, used 122880K [0x00000000e0000000, 0x0000000100000000)
  region size 1024K, 74 young (75776K), 5 survivors (5120K)
 Metaspace       used 59563K, committed 61568K, reserved 393216K
  class space    used 8428K, committed 9472K, reserved 327680K

Heap Regions: E=young(eden), S=young(survivor), O=old, HS=humongous(starts), HC=humongous(continues), CS=collection set, F=free, TAMS=top-at-mark-start, PB=parsable bottom
|   0|0x00000000e0000000, 0x00000000e0100000, 0x00000000e0100000|100%| O|  |TAMS 0x00000000e0000000| PB 0x00000000e0000000| Untracked 
|   1|0x00000000e0100000, 0x00000000e0200000, 0x00000000e0200000|100%|HS|  |TAMS 0x00000000e0100000| PB 0x00000000e0100000| Complete 
|   2|0x00000000e0200000, 0x00000000e0300000, 0x00000000e0300000|100%|HC|  |TAMS 0x00000000e0200000| PB 0x00000000e0200000| Complete 
|   3|0x00000000e0300000, 0x00000000e0400000, 0x00000000e0400000|100%|HC|  |TAMS 0x00000000e0300000| PB 0x00000000e0300000| Complete 
|   4|0x00000000e0400000, 0x00000000e0500000, 0x00000000e0500000|100%|HC|  |TAMS 0x00000000e0400000| PB 0x00000000e0400000| Complete 
|   5|0x00000000e0500000, 0x00000000e0600000, 0x00000000e0600000|100%| O|  |TAMS 0x00000000e0500000| PB 0x00000000e0500000| Untracked 
|   6|0x00000000e0600000, 0x00000000e0700000, 0x00000000e0700000|100%| O|  |TAMS 0x00000000e0600000| PB 0x00000000e0600000| Untracked 
|   7|0x00000000e0700000, 0x00000000e0800000, 0x00000000e0800000|100%| O|  |TAMS 0x00000000e0700000| PB 0x00000000e0700000| Untracked 
|   8|0x00000000e0800000, 0x00000000e0900000, 0x00000000e0900000|100%| O|  |TAMS 0x00000000e0800000| PB 0x00000000e0800000| Untracked 
|   9|0x00000000e0900000, 0x00000000e0a00000, 0x00000000e0a00000|100%| O|  |TAMS 0x00000000e0900000| PB 0x00000000e0900000| Untracked 
|  10|0x00000000e0a00000, 0x00000000e0b00000, 0x00000000e0b00000|100%| O|  |TAMS 0x00000000e0a00000| PB 0x00000000e0a00000| Untracked 
|  11|0x00000000e0b00000, 0x00000000e0c00000, 0x00000000e0c00000|100%| O|  |TAMS 0x00000000e0b00000| PB 0x00000000e0b00000| Untracked 
|  12|0x00000000e0c00000, 0x00000000e0d00000, 0x00000000e0d00000|100%| O|  |TAMS 0x00000000e0c00000| PB 0x00000000e0c00000| Untracked 
|  13|0x00000000e0d00000, 0x00000000e0e00000, 0x00000000e0e00000|100%| O|  |TAMS 0x00000000e0d00000| PB 0x00000000e0d00000| Untracked 
|  14|0x00000000e0e00000, 0x00000000e0f00000, 0x00000000e0f00000|100%| O|  |TAMS 0x00000000e0e00000| PB 0x00000000e0e00000| Untracked 
|  15|0x00000000e0f00000, 0x00000000e1000000, 0x00000000e1000000|100%| O|  |TAMS 0x00000000e0f00000| PB 0x00000000e0f00000| Untracked 
|  16|0x00000000e1000000, 0x00000000e1100000, 0x00000000e1100000|100%| O|  |TAMS 0x00000000e1000000| PB 0x00000000e1000000| Untracked 
|  17|0x00000000e1100000, 0x00000000e1200000, 0x00000000e1200000|100%| O|  |TAMS 0x00000000e1100000| PB 0x00000000e1100000| Untracked 
|  18|0x00000000e1200000, 0x00000000e1300000, 0x00000000e1300000|100%| O|  |TAMS 0x00000000e1200000| PB 0x00000000e1200000| Untracked 
|  19|0x00000000e1300000, 0x00000000e1400000, 0x00000000e1400000|100%| O|  |TAMS 0x00000000e1300000| PB 0x00000000e1300000| Untracked 
|  20|0x00000000e1400000, 0x00000000e1500000, 0x00000000e1500000|100%| O|  |TAMS 0x00000000e1400000| PB 0x00000000e1400000| Untracked 
|  21|0x00000000e1500000, 0x00000000e1600000, 0x00000000e1600000|100%| O|  |TAMS 0x00000000e1500000| PB 0x00000000e1500000| Untracked 
|  22|0x00000000e1600000, 0x00000000e1700000, 0x00000000e1700000|100%| O|  |TAMS 0x00000000e1600000| PB 0x00000000e1600000| Untracked 
|  23|0x00000000e1700000, 0x00000000e1800000, 0x00000000e1800000|100%| O|  |TAMS 0x00000000e1700000| PB 0x00000000e1700000| Untracked 
|  24|0x00000000e1800000, 0x00000000e1900000, 0x00000000e1900000|100%| O|  |TAMS 0x00000000e1800000| PB 0x00000000e1800000| Untracked 
|  25|0x00000000e1900000, 0x00000000e1a00000, 0x00000000e1a00000|100%| O|  |TAMS 0x00000000e1900000| PB 0x00000000e1900000| Untracked 
|  26|0x00000000e1a00000, 0x00000000e1b00000, 0x00000000e1b00000|100%| O|  |TAMS 0x00000000e1a00000| PB 0x00000000e1a00000| Untracked 
|  27|0x00000000e1b00000, 0x00000000e1c00000, 0x00000000e1c00000|100%| O|  |TAMS 0x00000000e1b00000| PB 0x00000000e1b00000| Untracked 
|  28|0x00000000e1c00000, 0x00000000e1d00000, 0x00000000e1d00000|100%| O|  |TAMS 0x00000000e1c00000| PB 0x00000000e1c00000| Untracked 
|  29|0x00000000e1d00000, 0x00000000e1e00000, 0x00000000e1e00000|100%| O|  |TAMS 0x00000000e1d00000| PB 0x00000000e1d00000| Untracked 
|  30|0x00000000e1e00000, 0x00000000e1f00000, 0x00000000e1f00000|100%| O|  |TAMS 0x00000000e1e00000| PB 0x00000000e1e00000| Untracked 
|  31|0x00000000e1f00000, 0x00000000e2000000, 0x00000000e2000000|100%| O|  |TAMS 0x00000000e1f00000| PB 0x00000000e1f00000| Untracked 
|  32|0x00000000e2000000, 0x00000000e2100000, 0x00000000e2100000|100%| O|  |TAMS 0x00000000e2000000| PB 0x00000000e2000000| Untracked 
|  33|0x00000000e2100000, 0x00000000e2200000, 0x00000000e2200000|100%| O|  |TAMS 0x00000000e2100000| PB 0x00000000e2100000| Untracked 
|  34|0x00000000e2200000, 0x00000000e2300000, 0x00000000e2300000|100%| O|  |TAMS 0x00000000e2200000| PB 0x00000000e2200000| Untracked 
|  35|0x00000000e2300000, 0x00000000e2400000, 0x00000000e2400000|100%| O|  |TAMS 0x00000000e2300000| PB 0x00000000e2300000| Untracked 
|  36|0x00000000e2400000, 0x00000000e2500000, 0x00000000e2500000|100%| O|  |TAMS 0x00000000e2400000| PB 0x00000000e2400000| Untracked 
|  37|0x00000000e2500000, 0x00000000e2600000, 0x00000000e2600000|100%| O|  |TAMS 0x00000000e2500000| PB 0x00000000e2500000| Untracked 
|  38|0x00000000e2600000, 0x00000000e2700000, 0x00000000e2700000|100%| O|  |TAMS 0x00000000e2600000| PB 0x00000000e2600000| Untracked 
|  39|0x00000000e2700000, 0x00000000e2800000, 0x00000000e2800000|100%| O|  |TAMS 0x00000000e2700000| PB 0x00000000e2700000| Untracked 
|  40|0x00000000e2800000, 0x00000000e2900000, 0x00000000e2900000|100%| O|Cm|TAMS 0x00000000e2800000| PB 0x00000000e2800000| Complete 
|  41|0x00000000e2900000, 0x00000000e2a00000, 0x00000000e2a00000|100%| O|  |TAMS 0x00000000e2900000| PB 0x00000000e2900000| Untracked 
|  42|0x00000000e2a00000, 0x00000000e2b00000, 0x00000000e2b00000|100%| O|  |TAMS 0x00000000e2a00000| PB 0x00000000e2a00000| Untracked 
|  43|0x00000000e2b00000, 0x00000000e2c00000, 0x00000000e2c00000|100%| O|  |TAMS 0x00000000e2b00000| PB 0x00000000e2b00000| Untracked 
|  44|0x00000000e2c00000, 0x00000000e2d00000, 0x00000000e2d00000|100%| O|  |TAMS 0x00000000e2c00000| PB 0x00000000e2c00000| Untracked 
|  45|0x00000000e2d00000, 0x00000000e2e00000, 0x00000000e2e00000|100%| O|  |TAMS 0x00000000e2d00000| PB 0x00000000e2d00000| Untracked 
|  46|0x00000000e2e00000, 0x00000000e2f00000, 0x00000000e2f00000|100%| O|  |TAMS 0x00000000e2e00000| PB 0x00000000e2e00000| Untracked 
|  47|0x00000000e2f00000, 0x00000000e3000000, 0x00000000e3000000|100%| O|  |TAMS 0x00000000e2f00000| PB 0x00000000e2f00000| Untracked 
|  48|0x00000000e3000000, 0x00000000e3000000, 0x00000000e3100000|  0%| F|  |TAMS 0x00000000e3000000| PB 0x00000000e3000000| Untracked 
|  49|0x00000000e3100000, 0x00000000e3100000, 0x00000000e3200000|  0%| F|  |TAMS 0x00000000e3100000| PB 0x00000000e3100000| Untracked 
|  50|0x00000000e3200000, 0x00000000e3200000, 0x00000000e3300000|  0%| F|  |TAMS 0x00000000e3200000| PB 0x00000000e3200000| Untracked 
|  51|0x00000000e3300000, 0x00000000e3300000, 0x00000000e3400000|  0%| F|  |TAMS 0x00000000e3300000| PB 0x00000000e3300000| Untracked 
|  52|0x00000000e3400000, 0x00000000e3400000, 0x00000000e3500000|  0%| F|  |TAMS 0x00000000e3400000| PB 0x00000000e3400000| Untracked 
|  53|0x00000000e3500000, 0x00000000e3500000, 0x00000000e3600000|  0%| F|  |TAMS 0x00000000e3500000| PB 0x00000000e3500000| Untracked 
|  54|0x00000000e3600000, 0x00000000e3600000, 0x00000000e3700000|  0%| F|  |TAMS 0x00000000e3600000| PB 0x00000000e3600000| Untracked 
|  55|0x00000000e3700000, 0x00000000e3700000, 0x00000000e3800000|  0%| F|  |TAMS 0x00000000e3700000| PB 0x00000000e3700000| Untracked 
|  56|0x00000000e3800000, 0x00000000e3800000, 0x00000000e3900000|  0%| F|  |TAMS 0x00000000e3800000| PB 0x00000000e3800000| Untracked 
|  57|0x00000000e3900000, 0x00000000e3900000, 0x00000000e3a00000|  0%| F|  |TAMS 0x00000000e3900000| PB 0x00000000e3900000| Untracked 
|  58|0x00000000e3a00000, 0x00000000e3a00000, 0x00000000e3b00000|  0%| F|  |TAMS 0x00000000e3a00000| PB 0x00000000e3a00000| Untracked 
|  59|0x00000000e3b00000, 0x00000000e3b00000, 0x00000000e3c00000|  0%| F|  |TAMS 0x00000000e3b00000| PB 0x00000000e3b00000| Untracked 
|  60|0x00000000e3c00000, 0x00000000e3c00000, 0x00000000e3d00000|  0%| F|  |TAMS 0x00000000e3c00000| PB 0x00000000e3c00000| Untracked 
|  61|0x00000000e3d00000, 0x00000000e3d00000, 0x00000000e3e00000|  0%| F|  |TAMS 0x00000000e3d00000| PB 0x00000000e3d00000| Untracked 
|  62|0x00000000e3e00000, 0x00000000e3e00000, 0x00000000e3f00000|  0%| F|  |TAMS 0x00000000e3e00000| PB 0x00000000e3e00000| Untracked 
|  63|0x00000000e3f00000, 0x00000000e3f00000, 0x00000000e4000000|  0%| F|  |TAMS 0x00000000e3f00000| PB 0x00000000e3f00000| Untracked 
|  64|0x00000000e4000000, 0x00000000e4000000, 0x00000000e4100000|  0%| F|  |TAMS 0x00000000e4000000| PB 0x00000000e4000000| Untracked 
|  65|0x00000000e4100000, 0x00000000e4100000, 0x00000000e4200000|  0%| F|  |TAMS 0x00000000e4100000| PB 0x00000000e4100000| Untracked 
|  66|0x00000000e4200000, 0x00000000e4200000, 0x00000000e4300000|  0%| F|  |TAMS 0x00000000e4200000| PB 0x00000000e4200000| Untracked 
|  67|0x00000000e4300000, 0x00000000e4300000, 0x00000000e4400000|  0%| F|  |TAMS 0x00000000e4300000| PB 0x00000000e4300000| Untracked 
|  68|0x00000000e4400000, 0x00000000e4400000, 0x00000000e4500000|  0%| F|  |TAMS 0x00000000e4400000| PB 0x00000000e4400000| Untracked 
|  69|0x00000000e4500000, 0x00000000e4500000, 0x00000000e4600000|  0%| F|  |TAMS 0x00000000e4500000| PB 0x00000000e4500000| Untracked 
|  70|0x00000000e4600000, 0x00000000e4600000, 0x00000000e4700000|  0%| F|  |TAMS 0x00000000e4600000| PB 0x00000000e4600000| Untracked 
|  71|0x00000000e4700000, 0x00000000e4700000, 0x00000000e4800000|  0%| F|  |TAMS 0x00000000e4700000| PB 0x00000000e4700000| Untracked 
|  72|0x00000000e4800000, 0x00000000e4800000, 0x00000000e4900000|  0%| F|  |TAMS 0x00000000e4800000| PB 0x00000000e4800000| Untracked 
|  73|0x00000000e4900000, 0x00000000e4900000, 0x00000000e4a00000|  0%| F|  |TAMS 0x00000000e4900000| PB 0x00000000e4900000| Untracked 
|  74|0x00000000e4a00000, 0x00000000e4a00000, 0x00000000e4b00000|  0%| F|  |TAMS 0x00000000e4a00000| PB 0x00000000e4a00000| Untracked 
|  75|0x00000000e4b00000, 0x00000000e4b00000, 0x00000000e4c00000|  0%| F|  |TAMS 0x00000000e4b00000| PB 0x00000000e4b00000| Untracked 
|  76|0x00000000e4c00000, 0x00000000e4c00000, 0x00000000e4d00000|  0%| F|  |TAMS 0x00000000e4c00000| PB 0x00000000e4c00000| Untracked 
|  77|0x00000000e4d00000, 0x00000000e4d00000, 0x00000000e4e00000|  0%| F|  |TAMS 0x00000000e4d00000| PB 0x00000000e4d00000| Untracked 
|  78|0x00000000e4e00000, 0x00000000e4e00000, 0x00000000e4f00000|  0%| F|  |TAMS 0x00000000e4e00000| PB 0x00000000e4e00000| Untracked 
|  79|0x00000000e4f00000, 0x00000000e4f00000, 0x00000000e5000000|  0%| F|  |TAMS 0x00000000e4f00000| PB 0x00000000e4f00000| Untracked 
|  80|0x00000000e5000000, 0x00000000e5000000, 0x00000000e5100000|  0%| F|  |TAMS 0x00000000e5000000| PB 0x00000000e5000000| Untracked 
|  81|0x00000000e5100000, 0x00000000e5100000, 0x00000000e5200000|  0%| F|  |TAMS 0x00000000e5100000| PB 0x00000000e5100000| Untracked 
|  82|0x00000000e5200000, 0x00000000e5200000, 0x00000000e5300000|  0%| F|  |TAMS 0x00000000e5200000| PB 0x00000000e5200000| Untracked 
|  83|0x00000000e5300000, 0x00000000e5300000, 0x00000000e5400000|  0%| F|  |TAMS 0x00000000e5300000| PB 0x00000000e5300000| Untracked 
|  84|0x00000000e5400000, 0x00000000e5400000, 0x00000000e5500000|  0%| F|  |TAMS 0x00000000e5400000| PB 0x00000000e5400000| Untracked 
|  85|0x00000000e5500000, 0x00000000e5500000, 0x00000000e5600000|  0%| F|  |TAMS 0x00000000e5500000| PB 0x00000000e5500000| Untracked 
|  86|0x00000000e5600000, 0x00000000e5600000, 0x00000000e5700000|  0%| F|  |TAMS 0x00000000e5600000| PB 0x00000000e5600000| Untracked 
|  87|0x00000000e5700000, 0x00000000e5700000, 0x00000000e5800000|  0%| F|  |TAMS 0x00000000e5700000| PB 0x00000000e5700000| Untracked 
|  88|0x00000000e5800000, 0x00000000e5800000, 0x00000000e5900000|  0%| F|  |TAMS 0x00000000e5800000| PB 0x00000000e5800000| Untracked 
|  89|0x00000000e5900000, 0x00000000e5900000, 0x00000000e5a00000|  0%| F|  |TAMS 0x00000000e5900000| PB 0x00000000e5900000| Untracked 
|  90|0x00000000e5a00000, 0x00000000e5a00000, 0x00000000e5b00000|  0%| F|  |TAMS 0x00000000e5a00000| PB 0x00000000e5a00000| Untracked 
|  91|0x00000000e5b00000, 0x00000000e5b00000, 0x00000000e5c00000|  0%| F|  |TAMS 0x00000000e5b00000| PB 0x00000000e5b00000| Untracked 
|  92|0x00000000e5c00000, 0x00000000e5c00000, 0x00000000e5d00000|  0%| F|  |TAMS 0x00000000e5c00000| PB 0x00000000e5c00000| Untracked 
|  93|0x00000000e5d00000, 0x00000000e5d00000, 0x00000000e5e00000|  0%| F|  |TAMS 0x00000000e5d00000| PB 0x00000000e5d00000| Untracked 
|  94|0x00000000e5e00000, 0x00000000e5e00000, 0x00000000e5f00000|  0%| F|  |TAMS 0x00000000e5e00000| PB 0x00000000e5e00000| Untracked 
|  95|0x00000000e5f00000, 0x00000000e5f00000, 0x00000000e6000000|  0%| F|  |TAMS 0x00000000e5f00000| PB 0x00000000e5f00000| Untracked 
|  96|0x00000000e6000000, 0x00000000e6000000, 0x00000000e6100000|  0%| F|  |TAMS 0x00000000e6000000| PB 0x00000000e6000000| Untracked 
|  97|0x00000000e6100000, 0x00000000e6100000, 0x00000000e6200000|  0%| F|  |TAMS 0x00000000e6100000| PB 0x00000000e6100000| Untracked 
|  98|0x00000000e6200000, 0x00000000e6200000, 0x00000000e6300000|  0%| F|  |TAMS 0x00000000e6200000| PB 0x00000000e6200000| Untracked 
|  99|0x00000000e6300000, 0x00000000e6300000, 0x00000000e6400000|  0%| F|  |TAMS 0x00000000e6300000| PB 0x00000000e6300000| Untracked 
| 100|0x00000000e6400000, 0x00000000e6400000, 0x00000000e6500000|  0%| F|  |TAMS 0x00000000e6400000| PB 0x00000000e6400000| Untracked 
| 101|0x00000000e6500000, 0x00000000e6500000, 0x00000000e6600000|  0%| F|  |TAMS 0x00000000e6500000| PB 0x00000000e6500000| Untracked 
| 102|0x00000000e6600000, 0x00000000e6600000, 0x00000000e6700000|  0%| F|  |TAMS 0x00000000e6600000| PB 0x00000000e6600000| Untracked 
| 103|0x00000000e6700000, 0x00000000e6700000, 0x00000000e6800000|  0%| F|  |TAMS 0x00000000e6700000| PB 0x00000000e6700000| Untracked 
| 104|0x00000000e6800000, 0x00000000e6800000, 0x00000000e6900000|  0%| F|  |TAMS 0x00000000e6800000| PB 0x00000000e6800000| Untracked 
| 105|0x00000000e6900000, 0x00000000e6900000, 0x00000000e6a00000|  0%| F|  |TAMS 0x00000000e6900000| PB 0x00000000e6900000| Untracked 
| 106|0x00000000e6a00000, 0x00000000e6a00000, 0x00000000e6b00000|  0%| F|  |TAMS 0x00000000e6a00000| PB 0x00000000e6a00000| Untracked 
| 107|0x00000000e6b00000, 0x00000000e6b00000, 0x00000000e6c00000|  0%| F|  |TAMS 0x00000000e6b00000| PB 0x00000000e6b00000| Untracked 
| 108|0x00000000e6c00000, 0x00000000e6c00000, 0x00000000e6d00000|  0%| F|  |TAMS 0x00000000e6c00000| PB 0x00000000e6c00000| Untracked 
| 109|0x00000000e6d00000, 0x00000000e6d00000, 0x00000000e6e00000|  0%| F|  |TAMS 0x00000000e6d00000| PB 0x00000000e6d00000| Untracked 
| 110|0x00000000e6e00000, 0x00000000e6e00000, 0x00000000e6f00000|  0%| F|  |TAMS 0x00000000e6e00000| PB 0x00000000e6e00000| Untracked 
| 111|0x00000000e6f00000, 0x00000000e6f00000, 0x00000000e7000000|  0%| F|  |TAMS 0x00000000e6f00000| PB 0x00000000e6f00000| Untracked 
| 112|0x00000000e7000000, 0x00000000e7000000, 0x00000000e7100000|  0%| F|  |TAMS 0x00000000e7000000| PB 0x00000000e7000000| Untracked 
| 113|0x00000000e7100000, 0x00000000e7100000, 0x00000000e7200000|  0%| F|  |TAMS 0x00000000e7100000| PB 0x00000000e7100000| Untracked 
| 114|0x00000000e7200000, 0x00000000e7200000, 0x00000000e7300000|  0%| F|  |TAMS 0x00000000e7200000| PB 0x00000000e7200000| Untracked 
| 115|0x00000000e7300000, 0x00000000e7300000, 0x00000000e7400000|  0%| F|  |TAMS 0x00000000e7300000| PB 0x00000000e7300000| Untracked 
| 116|0x00000000e7400000, 0x00000000e7400000, 0x00000000e7500000|  0%| F|  |TAMS 0x00000000e7400000| PB 0x00000000e7400000| Untracked 
| 117|0x00000000e7500000, 0x00000000e7500000, 0x00000000e7600000|  0%| F|  |TAMS 0x00000000e7500000| PB 0x00000000e7500000| Untracked 
| 118|0x00000000e7600000, 0x00000000e7600000, 0x00000000e7700000|  0%| F|  |TAMS 0x00000000e7600000| PB 0x00000000e7600000| Untracked 
| 119|0x00000000e7700000, 0x00000000e7700000, 0x00000000e7800000|  0%| F|  |TAMS 0x00000000e7700000| PB 0x00000000e7700000| Untracked 
| 120|0x00000000e7800000, 0x00000000e7800000, 0x00000000e7900000|  0%| F|  |TAMS 0x00000000e7800000| PB 0x00000000e7800000| Untracked 
| 121|0x00000000e7900000, 0x00000000e7900000, 0x00000000e7a00000|  0%| F|  |TAMS 0x00000000e7900000| PB 0x00000000e7900000| Untracked 
| 122|0x00000000e7a00000, 0x00000000e7a00000, 0x00000000e7b00000|  0%| F|  |TAMS 0x00000000e7a00000| PB 0x00000000e7a00000| Untracked 
| 123|0x00000000e7b00000, 0x00000000e7b00000, 0x00000000e7c00000|  0%| F|  |TAMS 0x00000000e7b00000| PB 0x00000000e7b00000| Untracked 
| 124|0x00000000e7c00000, 0x00000000e7c00000, 0x00000000e7d00000|  0%| F|  |TAMS 0x00000000e7c00000| PB 0x00000000e7c00000| Untracked 
| 125|0x00000000e7d00000, 0x00000000e7d00000, 0x00000000e7e00000|  0%| F|  |TAMS 0x00000000e7d00000| PB 0x00000000e7d00000| Untracked 
| 126|0x00000000e7e00000, 0x00000000e7e00000, 0x00000000e7f00000|  0%| F|  |TAMS 0x00000000e7e00000| PB 0x00000000e7e00000| Untracked 
| 127|0x00000000e7f00000, 0x00000000e7f00000, 0x00000000e8000000|  0%| F|  |TAMS 0x00000000e7f00000| PB 0x00000000e7f00000| Untracked 
| 128|0x00000000e8000000, 0x00000000e8000000, 0x00000000e8100000|  0%| F|  |TAMS 0x00000000e8000000| PB 0x00000000e8000000| Untracked 
| 129|0x00000000e8100000, 0x00000000e8100000, 0x00000000e8200000|  0%| F|  |TAMS 0x00000000e8100000| PB 0x00000000e8100000| Untracked 
| 130|0x00000000e8200000, 0x00000000e8200000, 0x00000000e8300000|  0%| F|  |TAMS 0x00000000e8200000| PB 0x00000000e8200000| Untracked 
| 131|0x00000000e8300000, 0x00000000e8300000, 0x00000000e8400000|  0%| F|  |TAMS 0x00000000e8300000| PB 0x00000000e8300000| Untracked 
| 132|0x00000000e8400000, 0x00000000e8400000, 0x00000000e8500000|  0%| F|  |TAMS 0x00000000e8400000| PB 0x00000000e8400000| Untracked 
| 133|0x00000000e8500000, 0x00000000e8500000, 0x00000000e8600000|  0%| F|  |TAMS 0x00000000e8500000| PB 0x00000000e8500000| Untracked 
| 134|0x00000000e8600000, 0x00000000e8600000, 0x00000000e8700000|  0%| F|  |TAMS 0x00000000e8600000| PB 0x00000000e8600000| Untracked 
| 135|0x00000000e8700000, 0x00000000e8700000, 0x00000000e8800000|  0%| F|  |TAMS 0x00000000e8700000| PB 0x00000000e8700000| Untracked 
| 136|0x00000000e8800000, 0x00000000e8800000, 0x00000000e8900000|  0%| F|  |TAMS 0x00000000e8800000| PB 0x00000000e8800000| Untracked 
| 137|0x00000000e8900000, 0x00000000e8900000, 0x00000000e8a00000|  0%| F|  |TAMS 0x00000000e8900000| PB 0x00000000e8900000| Untracked 
| 138|0x00000000e8a00000, 0x00000000e8a00000, 0x00000000e8b00000|  0%| F|  |TAMS 0x00000000e8a00000| PB 0x00000000e8a00000| Untracked 
| 139|0x00000000e8b00000, 0x00000000e8b00000, 0x00000000e8c00000|  0%| F|  |TAMS 0x00000000e8b00000| PB 0x00000000e8b00000| Untracked 
| 140|0x00000000e8c00000, 0x00000000e8c00000, 0x00000000e8d00000|  0%| F|  |TAMS 0x00000000e8c00000| PB 0x00000000e8c00000| Untracked 
| 141|0x00000000e8d00000, 0x00000000e8d00000, 0x00000000e8e00000|  0%| F|  |TAMS 0x00000000e8d00000| PB 0x00000000e8d00000| Untracked 
| 142|0x00000000e8e00000, 0x00000000e8e00000, 0x00000000e8f00000|  0%| F|  |TAMS 0x00000000e8e00000| PB 0x00000000e8e00000| Untracked 
| 143|0x00000000e8f00000, 0x00000000e8f00000, 0x00000000e9000000|  0%| F|  |TAMS 0x00000000e8f00000| PB 0x00000000e8f00000| Untracked 
| 144|0x00000000e9000000, 0x00000000e9000000, 0x00000000e9100000|  0%| F|  |TAMS 0x00000000e9000000| PB 0x00000000e9000000| Untracked 
| 145|0x00000000e9100000, 0x00000000e9100000, 0x00000000e9200000|  0%| F|  |TAMS 0x00000000e9100000| PB 0x00000000e9100000| Untracked 
| 146|0x00000000e9200000, 0x00000000e9200000, 0x00000000e9300000|  0%| F|  |TAMS 0x00000000e9200000| PB 0x00000000e9200000| Untracked 
| 147|0x00000000e9300000, 0x00000000e9300000, 0x00000000e9400000|  0%| F|  |TAMS 0x00000000e9300000| PB 0x00000000e9300000| Untracked 
| 148|0x00000000e9400000, 0x00000000e9400000, 0x00000000e9500000|  0%| F|  |TAMS 0x00000000e9400000| PB 0x00000000e9400000| Untracked 
| 149|0x00000000e9500000, 0x00000000e9500000, 0x00000000e9600000|  0%| F|  |TAMS 0x00000000e9500000| PB 0x00000000e9500000| Untracked 
| 150|0x00000000e9600000, 0x00000000e9600000, 0x00000000e9700000|  0%| F|  |TAMS 0x00000000e9600000| PB 0x00000000e9600000| Untracked 
| 151|0x00000000e9700000, 0x00000000e9700000, 0x00000000e9800000|  0%| F|  |TAMS 0x00000000e9700000| PB 0x00000000e9700000| Untracked 
| 152|0x00000000e9800000, 0x00000000e9800000, 0x00000000e9900000|  0%| F|  |TAMS 0x00000000e9800000| PB 0x00000000e9800000| Untracked 
| 153|0x00000000e9900000, 0x00000000e9900000, 0x00000000e9a00000|  0%| F|  |TAMS 0x00000000e9900000| PB 0x00000000e9900000| Untracked 
| 154|0x00000000e9a00000, 0x00000000e9a00000, 0x00000000e9b00000|  0%| F|  |TAMS 0x00000000e9a00000| PB 0x00000000e9a00000| Untracked 
| 155|0x00000000e9b00000, 0x00000000e9b00000, 0x00000000e9c00000|  0%| F|  |TAMS 0x00000000e9b00000| PB 0x00000000e9b00000| Untracked 
| 156|0x00000000e9c00000, 0x00000000e9c00000, 0x00000000e9d00000|  0%| F|  |TAMS 0x00000000e9c00000| PB 0x00000000e9c00000| Untracked 
| 157|0x00000000e9d00000, 0x00000000e9d00000, 0x00000000e9e00000|  0%| F|  |TAMS 0x00000000e9d00000| PB 0x00000000e9d00000| Untracked 
| 158|0x00000000e9e00000, 0x00000000e9e00000, 0x00000000e9f00000|  0%| F|  |TAMS 0x00000000e9e00000| PB 0x00000000e9e00000| Untracked 
| 159|0x00000000e9f00000, 0x00000000e9f00000, 0x00000000ea000000|  0%| F|  |TAMS 0x00000000e9f00000| PB 0x00000000e9f00000| Untracked 
| 160|0x00000000ea000000, 0x00000000ea000000, 0x00000000ea100000|  0%| F|  |TAMS 0x00000000ea000000| PB 0x00000000ea000000| Untracked 
| 161|0x00000000ea100000, 0x00000000ea100000, 0x00000000ea200000|  0%| F|  |TAMS 0x00000000ea100000| PB 0x00000000ea100000| Untracked 
| 162|0x00000000ea200000, 0x00000000ea200000, 0x00000000ea300000|  0%| F|  |TAMS 0x00000000ea200000| PB 0x00000000ea200000| Untracked 
| 163|0x00000000ea300000, 0x00000000ea300000, 0x00000000ea400000|  0%| F|  |TAMS 0x00000000ea300000| PB 0x00000000ea300000| Untracked 
| 164|0x00000000ea400000, 0x00000000ea400000, 0x00000000ea500000|  0%| F|  |TAMS 0x00000000ea400000| PB 0x00000000ea400000| Untracked 
| 165|0x00000000ea500000, 0x00000000ea500000, 0x00000000ea600000|  0%| F|  |TAMS 0x00000000ea500000| PB 0x00000000ea500000| Untracked 
| 166|0x00000000ea600000, 0x00000000ea600000, 0x00000000ea700000|  0%| F|  |TAMS 0x00000000ea600000| PB 0x00000000ea600000| Untracked 
| 167|0x00000000ea700000, 0x00000000ea700000, 0x00000000ea800000|  0%| F|  |TAMS 0x00000000ea700000| PB 0x00000000ea700000| Untracked 
| 168|0x00000000ea800000, 0x00000000ea800000, 0x00000000ea900000|  0%| F|  |TAMS 0x00000000ea800000| PB 0x00000000ea800000| Untracked 
| 169|0x00000000ea900000, 0x00000000ea900000, 0x00000000eaa00000|  0%| F|  |TAMS 0x00000000ea900000| PB 0x00000000ea900000| Untracked 
| 170|0x00000000eaa00000, 0x00000000eaa00000, 0x00000000eab00000|  0%| F|  |TAMS 0x00000000eaa00000| PB 0x00000000eaa00000| Untracked 
| 171|0x00000000eab00000, 0x00000000eab00000, 0x00000000eac00000|  0%| F|  |TAMS 0x00000000eab00000| PB 0x00000000eab00000| Untracked 
| 172|0x00000000eac00000, 0x00000000eac00000, 0x00000000ead00000|  0%| F|  |TAMS 0x00000000eac00000| PB 0x00000000eac00000| Untracked 
| 173|0x00000000ead00000, 0x00000000ead00000, 0x00000000eae00000|  0%| F|  |TAMS 0x00000000ead00000| PB 0x00000000ead00000| Untracked 
| 174|0x00000000eae00000, 0x00000000eae00000, 0x00000000eaf00000|  0%| F|  |TAMS 0x00000000eae00000| PB 0x00000000eae00000| Untracked 
| 175|0x00000000eaf00000, 0x00000000eaf00000, 0x00000000eb000000|  0%| F|  |TAMS 0x00000000eaf00000| PB 0x00000000eaf00000| Untracked 
| 176|0x00000000eb000000, 0x00000000eb000000, 0x00000000eb100000|  0%| F|  |TAMS 0x00000000eb000000| PB 0x00000000eb000000| Untracked 
| 177|0x00000000eb100000, 0x00000000eb100000, 0x00000000eb200000|  0%| F|  |TAMS 0x00000000eb100000| PB 0x00000000eb100000| Untracked 
| 178|0x00000000eb200000, 0x00000000eb200000, 0x00000000eb300000|  0%| F|  |TAMS 0x00000000eb200000| PB 0x00000000eb200000| Untracked 
| 179|0x00000000eb300000, 0x00000000eb300000, 0x00000000eb400000|  0%| F|  |TAMS 0x00000000eb300000| PB 0x00000000eb300000| Untracked 
| 180|0x00000000eb400000, 0x00000000eb400000, 0x00000000eb500000|  0%| F|  |TAMS 0x00000000eb400000| PB 0x00000000eb400000| Untracked 
| 181|0x00000000eb500000, 0x00000000eb51f128, 0x00000000eb600000| 12%| E|  |TAMS 0x00000000eb500000| PB 0x00000000eb500000| Complete 
| 182|0x00000000eb600000, 0x00000000eb700000, 0x00000000eb700000|100%| E|CS|TAMS 0x00000000eb600000| PB 0x00000000eb600000| Complete 
| 183|0x00000000eb700000, 0x00000000eb800000, 0x00000000eb800000|100%| E|CS|TAMS 0x00000000eb700000| PB 0x00000000eb700000| Complete 
| 184|0x00000000eb800000, 0x00000000eb900000, 0x00000000eb900000|100%| E|CS|TAMS 0x00000000eb800000| PB 0x00000000eb800000| Complete 
| 185|0x00000000eb900000, 0x00000000eba00000, 0x00000000eba00000|100%| E|CS|TAMS 0x00000000eb900000| PB 0x00000000eb900000| Complete 
| 186|0x00000000eba00000, 0x00000000ebb00000, 0x00000000ebb00000|100%| E|CS|TAMS 0x00000000eba00000| PB 0x00000000eba00000| Complete 
| 187|0x00000000ebb00000, 0x00000000ebc00000, 0x00000000ebc00000|100%| E|  |TAMS 0x00000000ebb00000| PB 0x00000000ebb00000| Complete 
| 188|0x00000000ebc00000, 0x00000000ebd00000, 0x00000000ebd00000|100%| E|CS|TAMS 0x00000000ebc00000| PB 0x00000000ebc00000| Complete 
| 189|0x00000000ebd00000, 0x00000000ebe00000, 0x00000000ebe00000|100%| E|CS|TAMS 0x00000000ebd00000| PB 0x00000000ebd00000| Complete 
| 190|0x00000000ebe00000, 0x00000000ebf00000, 0x00000000ebf00000|100%| E|CS|TAMS 0x00000000ebe00000| PB 0x00000000ebe00000| Complete 
| 191|0x00000000ebf00000, 0x00000000ec000000, 0x00000000ec000000|100%| E|CS|TAMS 0x00000000ebf00000| PB 0x00000000ebf00000| Complete 
| 192|0x00000000ec000000, 0x00000000ec100000, 0x00000000ec100000|100%| S|CS|TAMS 0x00000000ec000000| PB 0x00000000ec000000| Complete 
| 193|0x00000000ec100000, 0x00000000ec200000, 0x00000000ec200000|100%| S|CS|TAMS 0x00000000ec100000| PB 0x00000000ec100000| Complete 
| 194|0x00000000ec200000, 0x00000000ec300000, 0x00000000ec300000|100%| S|CS|TAMS 0x00000000ec200000| PB 0x00000000ec200000| Complete 
| 195|0x00000000ec300000, 0x00000000ec400000, 0x00000000ec400000|100%| S|CS|TAMS 0x00000000ec300000| PB 0x00000000ec300000| Complete 
| 196|0x00000000ec400000, 0x00000000ec500000, 0x00000000ec500000|100%| S|CS|TAMS 0x00000000ec400000| PB 0x00000000ec400000| Complete 
| 197|0x00000000ec500000, 0x00000000ec600000, 0x00000000ec600000|100%| E|CS|TAMS 0x00000000ec500000| PB 0x00000000ec500000| Complete 
| 198|0x00000000ec600000, 0x00000000ec700000, 0x00000000ec700000|100%| E|CS|TAMS 0x00000000ec600000| PB 0x00000000ec600000| Complete 
| 199|0x00000000ec700000, 0x00000000ec800000, 0x00000000ec800000|100%| E|CS|TAMS 0x00000000ec700000| PB 0x00000000ec700000| Complete 
| 200|0x00000000ec800000, 0x00000000ec900000, 0x00000000ec900000|100%| E|CS|TAMS 0x00000000ec800000| PB 0x00000000ec800000| Complete 
| 201|0x00000000ec900000, 0x00000000eca00000, 0x00000000eca00000|100%| E|CS|TAMS 0x00000000ec900000| PB 0x00000000ec900000| Complete 
| 202|0x00000000eca00000, 0x00000000ecb00000, 0x00000000ecb00000|100%| E|CS|TAMS 0x00000000eca00000| PB 0x00000000eca00000| Complete 
| 203|0x00000000ecb00000, 0x00000000ecc00000, 0x00000000ecc00000|100%| E|CS|TAMS 0x00000000ecb00000| PB 0x00000000ecb00000| Complete 
| 204|0x00000000ecc00000, 0x00000000ecd00000, 0x00000000ecd00000|100%| E|CS|TAMS 0x00000000ecc00000| PB 0x00000000ecc00000| Complete 
| 205|0x00000000ecd00000, 0x00000000ece00000, 0x00000000ece00000|100%| E|CS|TAMS 0x00000000ecd00000| PB 0x00000000ecd00000| Complete 
| 206|0x00000000ece00000, 0x00000000ecf00000, 0x00000000ecf00000|100%| E|CS|TAMS 0x00000000ece00000| PB 0x00000000ece00000| Complete 
| 207|0x00000000ecf00000, 0x00000000ed000000, 0x00000000ed000000|100%| E|CS|TAMS 0x00000000ecf00000| PB 0x00000000ecf00000| Complete 
| 208|0x00000000ed000000, 0x00000000ed100000, 0x00000000ed100000|100%| E|CS|TAMS 0x00000000ed000000| PB 0x00000000ed000000| Complete 
| 209|0x00000000ed100000, 0x00000000ed200000, 0x00000000ed200000|100%| E|CS|TAMS 0x00000000ed100000| PB 0x00000000ed100000| Complete 
| 210|0x00000000ed200000, 0x00000000ed300000, 0x00000000ed300000|100%| E|CS|TAMS 0x00000000ed200000| PB 0x00000000ed200000| Complete 
| 211|0x00000000ed300000, 0x00000000ed400000, 0x00000000ed400000|100%| E|CS|TAMS 0x00000000ed300000| PB 0x00000000ed300000| Complete 
| 212|0x00000000ed400000, 0x00000000ed500000, 0x00000000ed500000|100%| E|CS|TAMS 0x00000000ed400000| PB 0x00000000ed400000| Complete 
| 213|0x00000000ed500000, 0x00000000ed600000, 0x00000000ed600000|100%| E|CS|TAMS 0x00000000ed500000| PB 0x00000000ed500000| Complete 
| 214|0x00000000ed600000, 0x00000000ed700000, 0x00000000ed700000|100%| E|CS|TAMS 0x00000000ed600000| PB 0x00000000ed600000| Complete 
| 215|0x00000000ed700000, 0x00000000ed800000, 0x00000000ed800000|100%| E|CS|TAMS 0x00000000ed700000| PB 0x00000000ed700000| Complete 
| 216|0x00000000ed800000, 0x00000000ed900000, 0x00000000ed900000|100%| E|CS|TAMS 0x00000000ed800000| PB 0x00000000ed800000| Complete 
| 217|0x00000000ed900000, 0x00000000eda00000, 0x00000000eda00000|100%| E|CS|TAMS 0x00000000ed900000| PB 0x00000000ed900000| Complete 
| 218|0x00000000eda00000, 0x00000000edb00000, 0x00000000edb00000|100%| E|CS|TAMS 0x00000000eda00000| PB 0x00000000eda00000| Complete 
| 219|0x00000000edb00000, 0x00000000edc00000, 0x00000000edc00000|100%| E|CS|TAMS 0x00000000edb00000| PB 0x00000000edb00000| Complete 
| 220|0x00000000edc00000, 0x00000000edd00000, 0x00000000edd00000|100%| E|CS|TAMS 0x00000000edc00000| PB 0x00000000edc00000| Complete 
| 221|0x00000000edd00000, 0x00000000ede00000, 0x00000000ede00000|100%| E|CS|TAMS 0x00000000edd00000| PB 0x00000000edd00000| Complete 
| 222|0x00000000ede00000, 0x00000000edf00000, 0x00000000edf00000|100%| E|CS|TAMS 0x00000000ede00000| PB 0x00000000ede00000| Complete 
| 223|0x00000000edf00000, 0x00000000ee000000, 0x00000000ee000000|100%| E|CS|TAMS 0x00000000edf00000| PB 0x00000000edf00000| Complete 
| 224|0x00000000ee000000, 0x00000000ee100000, 0x00000000ee100000|100%| E|CS|TAMS 0x00000000ee000000| PB 0x00000000ee000000| Complete 
| 225|0x00000000ee100000, 0x00000000ee200000, 0x00000000ee200000|100%| E|CS|TAMS 0x00000000ee100000| PB 0x00000000ee100000| Complete 
| 226|0x00000000ee200000, 0x00000000ee300000, 0x00000000ee300000|100%| E|CS|TAMS 0x00000000ee200000| PB 0x00000000ee200000| Complete 
| 227|0x00000000ee300000, 0x00000000ee400000, 0x00000000ee400000|100%| E|CS|TAMS 0x00000000ee300000| PB 0x00000000ee300000| Complete 
| 228|0x00000000ee400000, 0x00000000ee500000, 0x00000000ee500000|100%| E|CS|TAMS 0x00000000ee400000| PB 0x00000000ee400000| Complete 
| 229|0x00000000ee500000, 0x00000000ee600000, 0x00000000ee600000|100%| E|CS|TAMS 0x00000000ee500000| PB 0x00000000ee500000| Complete 
| 230|0x00000000ee600000, 0x00000000ee700000, 0x00000000ee700000|100%| E|CS|TAMS 0x00000000ee600000| PB 0x00000000ee600000| Complete 
| 231|0x00000000ee700000, 0x00000000ee800000, 0x00000000ee800000|100%| E|CS|TAMS 0x00000000ee700000| PB 0x00000000ee700000| Complete 
| 232|0x00000000ee800000, 0x00000000ee900000, 0x00000000ee900000|100%| E|CS|TAMS 0x00000000ee800000| PB 0x00000000ee800000| Complete 
| 233|0x00000000ee900000, 0x00000000eea00000, 0x00000000eea00000|100%| E|CS|TAMS 0x00000000ee900000| PB 0x00000000ee900000| Complete 
| 234|0x00000000eea00000, 0x00000000eeb00000, 0x00000000eeb00000|100%| E|CS|TAMS 0x00000000eea00000| PB 0x00000000eea00000| Complete 
| 235|0x00000000eeb00000, 0x00000000eec00000, 0x00000000eec00000|100%| E|CS|TAMS 0x00000000eeb00000| PB 0x00000000eeb00000| Complete 
| 236|0x00000000eec00000, 0x00000000eed00000, 0x00000000eed00000|100%| E|CS|TAMS 0x00000000eec00000| PB 0x00000000eec00000| Complete 
| 237|0x00000000eed00000, 0x00000000eee00000, 0x00000000eee00000|100%| E|CS|TAMS 0x00000000eed00000| PB 0x00000000eed00000| Complete 
| 238|0x00000000eee00000, 0x00000000eef00000, 0x00000000eef00000|100%| E|CS|TAMS 0x00000000eee00000| PB 0x00000000eee00000| Complete 
| 239|0x00000000eef00000, 0x00000000ef000000, 0x00000000ef000000|100%| E|CS|TAMS 0x00000000eef00000| PB 0x00000000eef00000| Complete 
| 240|0x00000000ef000000, 0x00000000ef100000, 0x00000000ef100000|100%| E|CS|TAMS 0x00000000ef000000| PB 0x00000000ef000000| Complete 
| 241|0x00000000ef100000, 0x00000000ef200000, 0x00000000ef200000|100%| E|CS|TAMS 0x00000000ef100000| PB 0x00000000ef100000| Complete 
| 242|0x00000000ef200000, 0x00000000ef300000, 0x00000000ef300000|100%| E|CS|TAMS 0x00000000ef200000| PB 0x00000000ef200000| Complete 
| 243|0x00000000ef300000, 0x00000000ef400000, 0x00000000ef400000|100%| E|CS|TAMS 0x00000000ef300000| PB 0x00000000ef300000| Complete 
| 244|0x00000000ef400000, 0x00000000ef500000, 0x00000000ef500000|100%| E|CS|TAMS 0x00000000ef400000| PB 0x00000000ef400000| Complete 
| 245|0x00000000ef500000, 0x00000000ef600000, 0x00000000ef600000|100%| E|CS|TAMS 0x00000000ef500000| PB 0x00000000ef500000| Complete 
| 246|0x00000000ef600000, 0x00000000ef700000, 0x00000000ef700000|100%| E|CS|TAMS 0x00000000ef600000| PB 0x00000000ef600000| Complete 
| 247|0x00000000ef700000, 0x00000000ef800000, 0x00000000ef800000|100%| E|CS|TAMS 0x00000000ef700000| PB 0x00000000ef700000| Complete 
| 248|0x00000000ef800000, 0x00000000ef900000, 0x00000000ef900000|100%| E|CS|TAMS 0x00000000ef800000| PB 0x00000000ef800000| Complete 
| 249|0x00000000ef900000, 0x00000000efa00000, 0x00000000efa00000|100%| E|CS|TAMS 0x00000000ef900000| PB 0x00000000ef900000| Complete 
| 250|0x00000000efa00000, 0x00000000efb00000, 0x00000000efb00000|100%| E|CS|TAMS 0x00000000efa00000| PB 0x00000000efa00000| Complete 
| 251|0x00000000efb00000, 0x00000000efc00000, 0x00000000efc00000|100%| E|CS|TAMS 0x00000000efb00000| PB 0x00000000efb00000| Complete 
| 252|0x00000000efc00000, 0x00000000efd00000, 0x00000000efd00000|100%| E|CS|TAMS 0x00000000efc00000| PB 0x00000000efc00000| Complete 
| 253|0x00000000efd00000, 0x00000000efe00000, 0x00000000efe00000|100%| E|CS|TAMS 0x00000000efd00000| PB 0x00000000efd00000| Complete 
| 254|0x00000000efe00000, 0x00000000eff00000, 0x00000000eff00000|100%| E|CS|TAMS 0x00000000efe00000| PB 0x00000000efe00000| Complete 
| 255|0x00000000eff00000, 0x00000000f0000000, 0x00000000f0000000|100%| E|CS|TAMS 0x00000000eff00000| PB 0x00000000eff00000| Complete 

Card table byte_map: [0x000002296c870000,0x000002296c970000] _byte_map_base: 0x000002296c170000

Marking Bits: (CMBitMap*) 0x0000022955439f80
 Bits: [0x000002296c970000, 0x000002296d170000)

Polling page: 0x00000229533c0000

Metaspace:

Usage:
  Non-class:     49.94 MB used.
      Class:      8.23 MB used.
       Both:     58.17 MB used.

Virtual space:
  Non-class space:       64.00 MB reserved,      50.94 MB ( 80%) committed,  1 nodes.
      Class space:      320.00 MB reserved,       9.25 MB (  3%) committed,  1 nodes.
             Both:      384.00 MB reserved,      60.19 MB ( 16%) committed. 

Chunk freelists:
   Non-Class:  12.98 MB
       Class:  6.62 MB
        Both:  19.60 MB

MaxMetaspaceSize: 384.00 MB
CompressedClassSpaceSize: 320.00 MB
Initial GC threshold: 21.00 MB
Current GC threshold: 99.62 MB
CDS: on
 - commit_granule_bytes: 65536.
 - commit_granule_words: 8192.
 - virtual_space_node_default_size: 8388608.
 - enlarge_chunks_in_place: 1.
 - use_allocation_guard: 0.


Internal statistics:

num_allocs_failed_limit: 15.
num_arena_births: 3636.
num_arena_deaths: 0.
num_vsnodes_births: 2.
num_vsnodes_deaths: 0.
num_space_committed: 963.
num_space_uncommitted: 0.
num_chunks_returned_to_freelist: 15.
num_chunks_taken_from_freelist: 6681.
num_chunk_merges: 9.
num_chunk_splits: 4230.
num_chunks_enlarged: 2463.
num_inconsistent_stats: 0.

CodeHeap 'non-profiled nmethods': size=120000Kb used=5060Kb max_used=5087Kb free=114939Kb
 bounds [0x0000022965340000, 0x0000022965840000, 0x000002296c870000]
CodeHeap 'profiled nmethods': size=120000Kb used=20360Kb max_used=20360Kb free=99639Kb
 bounds [0x000002295d870000, 0x000002295ec60000, 0x0000022964da0000]
CodeHeap 'non-nmethods': size=5760Kb used=2740Kb max_used=2793Kb free=3019Kb
 bounds [0x0000022964da0000, 0x0000022965060000, 0x0000022965340000]
 total_blobs=10714 nmethods=9844 adapters=774
 compilation: enabled
              stopped_count=0, restarted_count=0
 full_count=0

Compilation events (20 events):
Event: 49.276 Thread 0x000002296f793d30 nmethod 10542 0x000002295ec1ac10 code [0x000002295ec1adc0, 0x000002295ec1af28]
Event: 49.276 Thread 0x000002296f793d30 10543       3       io.spring.gradle.dependencymanagement.org.apache.maven.model.interpolation.AbstractStringBasedModelInterpolator::setUrlNormalizer (7 bytes)
Event: 49.277 Thread 0x000002296f793d30 nmethod 10543 0x000002295ec1b010 code [0x000002295ec1b1a0, 0x000002295ec1b2f8]
Event: 49.277 Thread 0x000002296f793d30 10544       3       io.spring.gradle.dependencymanagement.org.apache.maven.model.interpolation.AbstractStringBasedModelInterpolator::setPathTranslator (7 bytes)
Event: 49.277 Thread 0x000002296f793d30 nmethod 10544 0x000002295ec1b390 code [0x000002295ec1b520, 0x000002295ec1b678]
Event: 49.277 Thread 0x000002296f793d30 10545       3       io.spring.gradle.dependencymanagement.org.apache.maven.model.interpolation.AbstractStringBasedModelInterpolator::setVersionPropertiesProcessor (7 bytes)
Event: 49.277 Thread 0x000002296f793d30 nmethod 10545 0x000002295ec1b710 code [0x000002295ec1b8a0, 0x000002295ec1b9f8]
Event: 49.277 Thread 0x000002296f793d30 10546       3       io.spring.gradle.dependencymanagement.org.apache.maven.model.building.DefaultModelBuilder::setModelInterpolator (7 bytes)
Event: 49.277 Thread 0x000002296f793d30 nmethod 10546 0x000002295ec1ba90 code [0x000002295ec1bc20, 0x000002295ec1bd78]
Event: 49.277 Thread 0x000002296f793d30 10547       3       io.spring.gradle.dependencymanagement.org.apache.maven.model.validation.DefaultModelValidator::<init> (21 bytes)
Event: 49.278 Thread 0x000002296f793d30 nmethod 10547 0x000002295ec1be10 code [0x000002295ec1c000, 0x000002295ec1c5e0]
Event: 49.278 Thread 0x000002296f793d30 10548       3       io.spring.gradle.dependencymanagement.org.apache.maven.model.building.DefaultModelBuilder::setModelValidator (7 bytes)
Event: 49.278 Thread 0x000002296f793d30 nmethod 10548 0x000002295ec1c810 code [0x000002295ec1c9a0, 0x000002295ec1caf8]
Event: 49.278 Thread 0x000002296f793d30 10549       3       io.spring.gradle.dependencymanagement.org.apache.maven.model.building.DefaultModelBuilder::build (1080 bytes)
Event: 49.291 Thread 0x000002296f793d30 nmethod 10549 0x000002295ec1cb90 code [0x000002295ec1d840, 0x000002295ec25af8]
Event: 49.292 Thread 0x000002296f793d30 10550       3       io.spring.gradle.dependencymanagement.org.apache.maven.model.io.xpp3.MavenXpp3ReaderEx::parseRepository (482 bytes)
Event: 49.297 Thread 0x000002296f793d30 nmethod 10550 0x000002295ec28c90 code [0x000002295ec29280, 0x000002295ec2c620]
Event: 49.297 Thread 0x000002296f793d30 10551       3       io.spring.gradle.dependencymanagement.org.apache.maven.model.io.xpp3.MavenXpp3ReaderEx::parseResource (681 bytes)
Event: 49.303 Thread 0x000002296f793d30 nmethod 10551 0x000002295ec2d690 code [0x000002295ec2df00, 0x000002295ec32c48]
Event: 49.303 Thread 0x000002296f793d30 10553       3       org.gradle.api.internal.artifacts.configurations.DefaultConfigurationFactory::create (225 bytes)

GC Heap History (20 events):
Event: 0.872 GC heap before
{Heap before GC invocations=0 (full 0):
 garbage-first heap   total 262144K, used 13312K [0x00000000e0000000, 0x0000000100000000)
  region size 1024K, 13 young (13312K), 0 survivors (0K)
 Metaspace       used 996K, committed 1152K, reserved 393216K
  class space    used 79K, committed 128K, reserved 327680K
}
Event: 0.881 GC heap after
{Heap after GC invocations=1 (full 0):
 garbage-first heap   total 262144K, used 2704K [0x00000000e0000000, 0x0000000100000000)
  region size 1024K, 2 young (2048K), 2 survivors (2048K)
 Metaspace       used 996K, committed 1152K, reserved 393216K
  class space    used 79K, committed 128K, reserved 327680K
}
Event: 2.016 GC heap before
{Heap before GC invocations=1 (full 0):
 garbage-first heap   total 262144K, used 27280K [0x00000000e0000000, 0x0000000100000000)
  region size 1024K, 23 young (23552K), 2 survivors (2048K)
 Metaspace       used 4080K, committed 4352K, reserved 393216K
  class space    used 500K, committed 640K, reserved 327680K
}
Event: 2.023 GC heap after
{Heap after GC invocations=2 (full 0):
 garbage-first heap   total 262144K, used 10866K [0x00000000e0000000, 0x0000000100000000)
  region size 1024K, 3 young (3072K), 3 survivors (3072K)
 Metaspace       used 4080K, committed 4352K, reserved 393216K
  class space    used 500K, committed 640K, reserved 327680K
}
Event: 2.798 GC heap before
{Heap before GC invocations=2 (full 0):
 garbage-first heap   total 262144K, used 36466K [0x00000000e0000000, 0x0000000100000000)
  region size 1024K, 28 young (28672K), 3 survivors (3072K)
 Metaspace       used 4192K, committed 4416K, reserved 393216K
  class space    used 502K, committed 640K, reserved 327680K
}
Event: 2.808 GC heap after
{Heap after GC invocations=3 (full 0):
 garbage-first heap   total 262144K, used 15680K [0x00000000e0000000, 0x0000000100000000)
  region size 1024K, 4 young (4096K), 4 survivors (4096K)
 Metaspace       used 4192K, committed 4416K, reserved 393216K
  class space    used 502K, committed 640K, reserved 327680K
}
Event: 7.381 GC heap before
{Heap before GC invocations=3 (full 0):
 garbage-first heap   total 262144K, used 110912K [0x00000000e0000000, 0x0000000100000000)
  region size 1024K, 99 young (101376K), 4 survivors (4096K)
 Metaspace       used 20806K, committed 21504K, reserved 393216K
  class space    used 3007K, committed 3328K, reserved 327680K
}
Event: 7.404 GC heap after
{Heap after GC invocations=4 (full 0):
 garbage-first heap   total 262144K, used 23069K [0x00000000e0000000, 0x0000000100000000)
  region size 1024K, 12 young (12288K), 12 survivors (12288K)
 Metaspace       used 20806K, committed 21504K, reserved 393216K
  class space    used 3007K, committed 3328K, reserved 327680K
}
Event: 10.349 GC heap before
{Heap before GC invocations=5 (full 0):
 garbage-first heap   total 262144K, used 110109K [0x00000000e0000000, 0x0000000100000000)
  region size 1024K, 99 young (101376K), 12 survivors (12288K)
 Metaspace       used 34859K, committed 35968K, reserved 393216K
  class space    used 5032K, committed 5568K, reserved 327680K
}
Event: 10.382 GC heap after
{Heap after GC invocations=6 (full 0):
 garbage-first heap   total 262144K, used 29428K [0x00000000e0000000, 0x0000000100000000)
  region size 1024K, 14 young (14336K), 14 survivors (14336K)
 Metaspace       used 34859K, committed 35968K, reserved 393216K
  class space    used 5032K, committed 5568K, reserved 327680K
}
Event: 10.746 GC heap before
{Heap before GC invocations=6 (full 0):
 garbage-first heap   total 262144K, used 49908K [0x00000000e0000000, 0x0000000100000000)
  region size 1024K, 35 young (35840K), 14 survivors (14336K)
 Metaspace       used 35089K, committed 36288K, reserved 393216K
  class space    used 5047K, committed 5632K, reserved 327680K
}
Event: 10.778 GC heap after
{Heap after GC invocations=7 (full 0):
 garbage-first heap   total 262144K, used 30709K [0x00000000e0000000, 0x0000000100000000)
  region size 1024K, 8 young (8192K), 8 survivors (8192K)
 Metaspace       used 35089K, committed 36288K, reserved 393216K
  class space    used 5047K, committed 5632K, reserved 327680K
}
Event: 10.875 GC heap before
{Heap before GC invocations=7 (full 0):
 garbage-first heap   total 262144K, used 32757K [0x00000000e0000000, 0x0000000100000000)
  region size 1024K, 11 young (11264K), 8 survivors (8192K)
 Metaspace       used 35393K, committed 36608K, reserved 393216K
  class space    used 5087K, committed 5696K, reserved 327680K
}
Event: 10.888 GC heap after
{Heap after GC invocations=8 (full 0):
 garbage-first heap   total 262144K, used 31631K [0x00000000e0000000, 0x0000000100000000)
  region size 1024K, 9 young (9216K), 9 survivors (9216K)
 Metaspace       used 35393K, committed 36608K, reserved 393216K
  class space    used 5087K, committed 5696K, reserved 327680K
}
Event: 17.610 GC heap before
{Heap before GC invocations=9 (full 0):
 garbage-first heap   total 262144K, used 185231K [0x00000000e0000000, 0x0000000100000000)
  region size 1024K, 153 young (156672K), 9 survivors (9216K)
 Metaspace       used 51490K, committed 53312K, reserved 393216K
  class space    used 7478K, committed 8384K, reserved 327680K
}
Event: 17.645 GC heap after
{Heap after GC invocations=10 (full 0):
 garbage-first heap   total 262144K, used 41461K [0x00000000e0000000, 0x0000000100000000)
  region size 1024K, 18 young (18432K), 18 survivors (18432K)
 Metaspace       used 51490K, committed 53312K, reserved 393216K
  class space    used 7478K, committed 8384K, reserved 327680K
}
Event: 22.181 GC heap before
{Heap before GC invocations=10 (full 0):
 garbage-first heap   total 262144K, used 178677K [0x00000000e0000000, 0x0000000100000000)
  region size 1024K, 153 young (156672K), 18 survivors (18432K)
 Metaspace       used 57388K, committed 59328K, reserved 393216K
  class space    used 8193K, committed 9152K, reserved 327680K
}
Event: 22.235 GC heap after
{Heap after GC invocations=11 (full 0):
 garbage-first heap   total 262144K, used 52533K [0x00000000e0000000, 0x0000000100000000)
  region size 1024K, 12 young (12288K), 12 survivors (12288K)
 Metaspace       used 57388K, committed 59328K, reserved 393216K
  class space    used 8193K, committed 9152K, reserved 327680K
}
Event: 47.191 GC heap before
{Heap before GC invocations=11 (full 0):
 garbage-first heap   total 262144K, used 111925K [0x00000000e0000000, 0x0000000100000000)
  region size 1024K, 71 young (72704K), 12 survivors (12288K)
 Metaspace       used 59129K, committed 61120K, reserved 393216K
  class space    used 8422K, committed 9408K, reserved 327680K
}
Event: 47.228 GC heap after
{Heap after GC invocations=12 (full 0):
 garbage-first heap   total 262144K, used 54272K [0x00000000e0000000, 0x0000000100000000)
  region size 1024K, 5 young (5120K), 5 survivors (5120K)
 Metaspace       used 59129K, committed 61120K, reserved 393216K
  class space    used 8422K, committed 9408K, reserved 327680K
}

Dll operation events (15 events):
Event: 0.017 Loaded shared library C:\Program Files\Java\jdk-21\bin\java.dll
Event: 0.084 Loaded shared library C:\Program Files\Java\jdk-21\bin\jsvml.dll
Event: 0.186 Loaded shared library C:\Program Files\Java\jdk-21\bin\zip.dll
Event: 0.194 Loaded shared library C:\Program Files\Java\jdk-21\bin\instrument.dll
Event: 0.202 Loaded shared library C:\Program Files\Java\jdk-21\bin\net.dll
Event: 0.206 Loaded shared library C:\Program Files\Java\jdk-21\bin\nio.dll
Event: 0.217 Loaded shared library C:\Program Files\Java\jdk-21\bin\zip.dll
Event: 0.768 Loaded shared library C:\Program Files\Java\jdk-21\bin\jimage.dll
Event: 0.923 Loaded shared library C:\Program Files\Java\jdk-21\bin\verify.dll
Event: 1.323 Loaded shared library C:\Users\Pc\.gradle\native\c067742578af261105cb4f569cf0c3c89f3d7b1fecec35dd04571415982c5e48\windows-amd64\native-platform.dll
Event: 1.347 Loaded shared library C:\Users\Pc\.gradle\native\38dada09dfb8b06ba9b0570ebf7e218e3eb74d4ef43ca46872605cf95ebc2f47\windows-amd64\native-platform-file-events.dll
Event: 3.494 Loaded shared library C:\Program Files\Java\jdk-21\bin\management.dll
Event: 3.498 Loaded shared library C:\Program Files\Java\jdk-21\bin\management_ext.dll
Event: 3.964 Loaded shared library C:\Program Files\Java\jdk-21\bin\extnet.dll
Event: 4.279 Loaded shared library C:\Program Files\Java\jdk-21\bin\sunmscapi.dll

Deoptimization events (20 events):
Event: 48.683 Thread 0x0000022978b0d9c0 Uncommon trap: trap_request=0xffffffbe fr.pc=0x0000022965546d68 relative=0x0000000000000328
Event: 48.683 Thread 0x0000022978b0d9c0 Uncommon trap: reason=profile_predicate action=maybe_recompile pc=0x0000022965546d68 method=java.util.regex.Pattern$Slice.match(Ljava/util/regex/Matcher;ILjava/lang/CharSequence;)Z @ 18 c2
Event: 48.683 Thread 0x0000022978b0d9c0 DEOPT PACKING pc=0x0000022965546d68 sp=0x000000655cdf8dc0
Event: 48.683 Thread 0x0000022978b0d9c0 DEOPT UNPACKING pc=0x0000022964df46a2 sp=0x000000655cdf8d50 mode 2
Event: 48.683 Thread 0x0000022978b0d9c0 Uncommon trap: trap_request=0xffffffbe fr.pc=0x0000022965546d68 relative=0x0000000000000328
Event: 48.683 Thread 0x0000022978b0d9c0 Uncommon trap: reason=profile_predicate action=maybe_recompile pc=0x0000022965546d68 method=java.util.regex.Pattern$Slice.match(Ljava/util/regex/Matcher;ILjava/lang/CharSequence;)Z @ 18 c2
Event: 48.683 Thread 0x0000022978b0d9c0 DEOPT PACKING pc=0x0000022965546d68 sp=0x000000655cdf8dc0
Event: 48.683 Thread 0x0000022978b0d9c0 DEOPT UNPACKING pc=0x0000022964df46a2 sp=0x000000655cdf8d50 mode 2
Event: 48.683 Thread 0x0000022978b0d9c0 Uncommon trap: trap_request=0xffffffbe fr.pc=0x0000022965546d68 relative=0x0000000000000328
Event: 48.683 Thread 0x0000022978b0d9c0 Uncommon trap: reason=profile_predicate action=maybe_recompile pc=0x0000022965546d68 method=java.util.regex.Pattern$Slice.match(Ljava/util/regex/Matcher;ILjava/lang/CharSequence;)Z @ 18 c2
Event: 48.683 Thread 0x0000022978b0d9c0 DEOPT PACKING pc=0x0000022965546d68 sp=0x000000655cdf8dc0
Event: 48.683 Thread 0x0000022978b0d9c0 DEOPT UNPACKING pc=0x0000022964df46a2 sp=0x000000655cdf8d50 mode 2
Event: 48.683 Thread 0x0000022978b0d9c0 Uncommon trap: trap_request=0xffffffbe fr.pc=0x0000022965546d68 relative=0x0000000000000328
Event: 48.683 Thread 0x0000022978b0d9c0 Uncommon trap: reason=profile_predicate action=maybe_recompile pc=0x0000022965546d68 method=java.util.regex.Pattern$Slice.match(Ljava/util/regex/Matcher;ILjava/lang/CharSequence;)Z @ 18 c2
Event: 48.683 Thread 0x0000022978b0d9c0 DEOPT PACKING pc=0x0000022965546d68 sp=0x000000655cdf8dc0
Event: 48.683 Thread 0x0000022978b0d9c0 DEOPT UNPACKING pc=0x0000022964df46a2 sp=0x000000655cdf8d50 mode 2
Event: 49.111 Thread 0x0000022978b0d9c0 Uncommon trap: trap_request=0xffffff45 fr.pc=0x00000229657a2bf8 relative=0x0000000000005e58
Event: 49.111 Thread 0x0000022978b0d9c0 Uncommon trap: reason=unstable_if action=reinterpret pc=0x00000229657a2bf8 method=io.spring.gradle.dependencymanagement.org.codehaus.plexus.interpolation.StringSearchInterpolator.interpolate(Ljava/lang/String;Lio/spring/gradle/dependencymanagement/org/cod
Event: 49.111 Thread 0x0000022978b0d9c0 DEOPT PACKING pc=0x00000229657a2bf8 sp=0x000000655cdf9430
Event: 49.111 Thread 0x0000022978b0d9c0 DEOPT UNPACKING pc=0x0000022964df46a2 sp=0x000000655cdf9410 mode 2

Classes loaded (20 events):
Event: 18.764 Loading class java/util/stream/ReferencePipeline$4$1
Event: 18.764 Loading class java/util/stream/ReferencePipeline$4$1 done
Event: 18.859 Loading class java/util/concurrent/ConcurrentSkipListMap$KeySet
Event: 18.860 Loading class java/util/concurrent/ConcurrentSkipListMap$KeySet done
Event: 18.860 Loading class java/util/concurrent/ConcurrentSkipListMap$KeyIterator
Event: 18.860 Loading class java/util/concurrent/ConcurrentSkipListMap$KeyIterator done
Event: 19.050 Loading class java/text/MessageFormat
Event: 19.051 Loading class java/text/MessageFormat done
Event: 19.168 Loading class java/util/Stack
Event: 19.168 Loading class java/util/Stack done
Event: 23.428 Loading class java/util/concurrent/ConcurrentLinkedQueue$Itr
Event: 23.428 Loading class java/util/concurrent/ConcurrentLinkedQueue$Itr done
Event: 24.012 Loading class java/util/concurrent/CompletableFuture$AsyncRun
Event: 24.013 Loading class java/util/concurrent/CompletableFuture$AsyncRun done
Event: 42.557 Loading class jdk/internal/math/FormattedFPDecimal
Event: 42.639 Loading class jdk/internal/math/FormattedFPDecimal done
Event: 43.843 Loading class java/util/AbstractList$ListItr
Event: 44.054 Loading class java/util/AbstractList$ListItr done
Event: 46.746 Loading class java/lang/foreign/MemorySegment
Event: 46.748 Loading class java/lang/foreign/MemorySegment done

Classes unloaded (0 events):
No events

Classes redefined (0 events):
No events

Internal exceptions (20 events):
Event: 21.324 Thread 0x0000022978b0ed70 Implicit null exception at 0x000002296538b1a0 to 0x000002296538b744
Event: 21.324 Thread 0x0000022978b0ed70 Implicit null exception at 0x000002296539b020 to 0x000002296539b5b8
Event: 23.266 Thread 0x0000022978b0ed70 Exception <a 'java/lang/NoSuchMethodError'{0x00000000ee692d40}: 'int java.lang.invoke.DirectMethodHandle$Holder.invokeStaticInit(java.lang.Object, java.lang.Object, java.lang.Object, java.lang.Object, java.lang.Object)'> (0x00000000ee692d40) 
thrown [s\open\src\hotspot\share\interpreter\linkResolver.cpp, line 773]
Event: 23.341 Thread 0x0000022975742740 Exception <a 'java/lang/NoSuchMethodError'{0x00000000eff19638}: static Lorg/gradle/internal/build/event/types/DefaultTaskFinishedProgressEvent;.<clinit>()V> (0x00000000eff19638) 
thrown [s\open\src\hotspot\share\prims\jni.cpp, line 1106]
Event: 23.345 Thread 0x0000022975742740 Exception <a 'java/lang/NoSuchMethodError'{0x00000000ee433fe0}: static Lorg/gradle/internal/build/event/types/DefaultTaskSuccessResult;.<clinit>()V> (0x00000000ee433fe0) 
thrown [s\open\src\hotspot\share\prims\jni.cpp, line 1106]
Event: 23.345 Thread 0x0000022975742740 Exception <a 'java/lang/NoSuchMethodError'{0x00000000ee4355a0}: static Lorg/gradle/internal/build/event/types/AbstractTaskResult;.<clinit>()V> (0x00000000ee4355a0) 
thrown [s\open\src\hotspot\share\prims\jni.cpp, line 1106]
Event: 23.345 Thread 0x0000022975742740 Exception <a 'java/lang/NoSuchMethodError'{0x00000000ee436c00}: static Lorg/gradle/internal/build/event/types/AbstractResult;.<clinit>()V> (0x00000000ee436c00) 
thrown [s\open\src\hotspot\share\prims\jni.cpp, line 1106]
Event: 23.440 Thread 0x00000229756f6690 Exception <a 'java/lang/NoSuchMethodError'{0x00000000ee3679d0}: 'void java.lang.invoke.DirectMethodHandle$Holder.invokeInterface(java.lang.Object, java.lang.Object, java.lang.Object, int)'> (0x00000000ee3679d0) 
thrown [s\open\src\hotspot\share\interpreter\linkResolver.cpp, line 773]
Event: 23.440 Thread 0x00000229756f6690 Exception <a 'java/lang/IncompatibleClassChangeError'{0x00000000ee36b500}: Found class java.lang.Object, but interface was expected> (0x00000000ee36b500) 
thrown [s\open\src\hotspot\share\interpreter\linkResolver.cpp, line 840]
Event: 23.440 Thread 0x00000229756f6690 Exception <a 'java/lang/NoSuchMethodError'{0x00000000ee36fa80}: 'void java.lang.invoke.DelegatingMethodHandle$Holder.reinvoke_L(java.lang.Object, java.lang.Object, java.lang.Object, int)'> (0x00000000ee36fa80) 
thrown [s\open\src\hotspot\share\interpreter\linkResolver.cpp, line 773]
Event: 23.445 Thread 0x00000229756f6690 Exception <a 'java/lang/NoSuchMethodError'{0x00000000ee399760}: 'void java.lang.invoke.DirectMethodHandle$Holder.invokeVirtual(java.lang.Object, java.lang.Object)'> (0x00000000ee399760) 
thrown [s\open\src\hotspot\share\interpreter\linkResolver.cpp, line 773]
Event: 23.515 Thread 0x00000229756f6690 Exception <a 'java/lang/IncompatibleClassChangeError'{0x00000000ee21fe18}: Found class java.lang.Object, but interface was expected> (0x00000000ee21fe18) 
thrown [s\open\src\hotspot\share\interpreter\linkResolver.cpp, line 840]
Event: 23.843 Thread 0x00000229756f6690 Exception <a 'java/lang/IncompatibleClassChangeError'{0x00000000ee2508d8}: Found class java.lang.Object, but interface was expected> (0x00000000ee2508d8) 
thrown [s\open\src\hotspot\share\interpreter\linkResolver.cpp, line 840]
Event: 43.210 Thread 0x00000229756f6690 Exception <a 'sun/nio/fs/WindowsException'{0x00000000eda6d408}> (0x00000000eda6d408) 
thrown [s\open\src\hotspot\share\prims\jni.cpp, line 520]
Event: 43.210 Thread 0x00000229756f6690 Exception <a 'sun/nio/fs/WindowsException'{0x00000000eda6e8c0}> (0x00000000eda6e8c0) 
thrown [s\open\src\hotspot\share\prims\jni.cpp, line 520]
Event: 43.211 Thread 0x00000229756f6690 Exception <a 'sun/nio/fs/WindowsException'{0x00000000eda6fd68}> (0x00000000eda6fd68) 
thrown [s\open\src\hotspot\share\prims\jni.cpp, line 520]
Event: 43.212 Thread 0x00000229756f6690 Exception <a 'sun/nio/fs/WindowsException'{0x00000000eda711e8}> (0x00000000eda711e8) 
thrown [s\open\src\hotspot\share\prims\jni.cpp, line 520]
Event: 44.062 Thread 0x00000229756f6690 Exception <a 'java/lang/NoClassDefFoundError'{0x00000000ed6c4e80}: org/jetbrains/kotlin/gradle/plugin/KotlinPluginWrapper> (0x00000000ed6c4e80) 
thrown [s\open\src\hotspot\share\oops\constantPool.cpp, line 871]
Event: 44.062 Thread 0x00000229756f6690 Exception <a 'java/lang/NoClassDefFoundError'{0x00000000ed6c6fd8}: org/graalvm/buildtools/gradle/NativeImagePlugin> (0x00000000ed6c6fd8) 
thrown [s\open\src\hotspot\share\oops\constantPool.cpp, line 871]
Event: 44.623 Thread 0x0000022978b0d9c0 Exception <a 'java/lang/NoSuchMethodError'{0x00000000ed493430}: 'int java.lang.invoke.DirectMethodHandle$Holder.invokeSpecial(java.lang.Object, java.lang.Object, java.lang.Object, java.lang.Object, java.lang.Object)'> (0x00000000ed493430) 
thrown [s\open\src\hotspot\share\interpreter\linkResolver.cpp, line 773]

ZGC Phase Switch (0 events):
No events

VM Operations (20 events):
Event: 42.622 Executing VM operation: Cleanup
Event: 42.639 Executing VM operation: Cleanup done
Event: 43.645 Executing VM operation: Cleanup
Event: 43.662 Executing VM operation: Cleanup done
Event: 44.056 Executing VM operation: HandshakeAllThreads (Deoptimize)
Event: 44.056 Executing VM operation: HandshakeAllThreads (Deoptimize) done
Event: 44.631 Executing VM operation: ICBufferFull
Event: 44.631 Executing VM operation: ICBufferFull done
Event: 45.636 Executing VM operation: Cleanup
Event: 45.636 Executing VM operation: Cleanup done
Event: 46.651 Executing VM operation: Cleanup
Event: 46.652 Executing VM operation: Cleanup done
Event: 47.185 Executing VM operation: CollectForMetadataAllocation (Metadata GC Threshold)
Event: 47.268 Executing VM operation: CollectForMetadataAllocation (Metadata GC Threshold) done
Event: 47.408 Executing VM operation: G1PauseRemark
Event: 47.420 Executing VM operation: G1PauseRemark done
Event: 47.481 Executing VM operation: G1PauseCleanup
Event: 47.481 Executing VM operation: G1PauseCleanup done
Event: 48.483 Executing VM operation: Cleanup
Event: 48.501 Executing VM operation: Cleanup done

Events (20 events):
Event: 47.419 Thread 0x000002296f75c400 flushing nmethod 0x0000022965449610
Event: 47.419 Thread 0x000002296f75c400 flushing nmethod 0x0000022965480f90
Event: 47.419 Thread 0x000002296f75c400 flushing nmethod 0x00000229653e6110
Event: 47.419 Thread 0x000002296f75c400 flushing nmethod 0x0000022965456b10
Event: 47.419 Thread 0x000002296f75c400 flushing nmethod 0x00000229653f2b10
Event: 47.419 Thread 0x000002296f75c400 flushing nmethod 0x00000229653b2210
Event: 47.419 Thread 0x000002296f75c400 flushing nmethod 0x00000229653c9890
Event: 47.419 Thread 0x000002296f75c400 flushing nmethod 0x00000229653bec90
Event: 47.419 Thread 0x000002296f75c400 flushing nmethod 0x0000022965340010
Event: 47.498 Thread 0x00000229759fcb70 Thread added: 0x00000229759fcb70
Event: 47.568 Thread 0x0000022976cae100 Thread added: 0x0000022976cae100
Event: 47.655 Thread 0x0000022976cad3e0 Thread added: 0x0000022976cad3e0
Event: 47.668 Thread 0x0000022976cac030 Thread added: 0x0000022976cac030
Event: 47.679 Thread 0x0000022976cae790 Thread added: 0x0000022976cae790
Event: 47.739 Thread 0x0000022976cada70 Thread added: 0x0000022976cada70
Event: 47.756 Thread 0x0000022976caee20 Thread added: 0x0000022976caee20
Event: 47.780 Thread 0x0000022976cac6c0 Thread added: 0x0000022976cac6c0
Event: 47.833 Thread 0x0000022976cab9a0 Thread added: 0x0000022976cab9a0
Event: 47.853 Thread 0x0000022976cacd50 Thread added: 0x0000022976cacd50
Event: 47.862 Thread 0x00000229758d81d0 Thread added: 0x00000229758d81d0


Dynamic libraries:
0x00007ff7d0990000 - 0x00007ff7d09a0000 	C:\Program Files\Java\jdk-21\bin\java.exe
0x00007fff12a50000 - 0x00007fff12c66000 	C:\Windows\SYSTEM32\ntdll.dll
0x00007fff11ef0000 - 0x00007fff11fb4000 	C:\Windows\System32\KERNEL32.DLL
0x00007fff10140000 - 0x00007fff104e7000 	C:\Windows\System32\KERNELBASE.dll
0x00007fff0fe10000 - 0x00007fff0ff21000 	C:\Windows\System32\ucrtbase.dll
0x00007fff02480000 - 0x00007fff0249b000 	C:\Program Files\Java\jdk-21\bin\VCRUNTIME140.dll
0x00007fff02d90000 - 0x00007fff02da9000 	C:\Program Files\Java\jdk-21\bin\jli.dll
0x00007fff10ea0000 - 0x00007fff10f52000 	C:\Windows\System32\ADVAPI32.dll
0x00007fff12950000 - 0x00007fff129f7000 	C:\Windows\System32\msvcrt.dll
0x00007fff128a0000 - 0x00007fff12948000 	C:\Windows\System32\sechost.dll
0x00007fff0fde0000 - 0x00007fff0fe08000 	C:\Windows\System32\bcrypt.dll
0x00007fff10780000 - 0x00007fff10895000 	C:\Windows\System32\RPCRT4.dll
0x00007fff12040000 - 0x00007fff121ee000 	C:\Windows\System32\USER32.dll
0x00007fff105b0000 - 0x00007fff105d6000 	C:\Windows\System32\win32u.dll
0x00007fff10970000 - 0x00007fff10999000 	C:\Windows\System32\GDI32.dll
0x00007fff10660000 - 0x00007fff10779000 	C:\Windows\System32\gdi32full.dll
0x00007fff0ff30000 - 0x00007fff0ffca000 	C:\Windows\System32\msvcp_win.dll
0x00007fff025f0000 - 0x00007fff02883000 	C:\Windows\WinSxS\amd64_microsoft.windows.common-controls_6595b64144ccf1df_6.0.22621.3235_none_270f74e173860f98\COMCTL32.dll
0x00007fff05b00000 - 0x00007fff05b0a000 	C:\Windows\SYSTEM32\VERSION.dll
0x00007fff110b0000 - 0x00007fff110e1000 	C:\Windows\System32\IMM32.DLL
0x00007fff05b10000 - 0x00007fff05b1c000 	C:\Program Files\Java\jdk-21\bin\vcruntime140_1.dll
0x00007ffef0870000 - 0x00007ffef08fe000 	C:\Program Files\Java\jdk-21\bin\msvcp140.dll
0x00007ffe127c0000 - 0x00007ffe134d7000 	C:\Program Files\Java\jdk-21\bin\server\jvm.dll
0x00007fff10e20000 - 0x00007fff10e91000 	C:\Windows\System32\WS2_32.dll
0x00007fff0ebe0000 - 0x00007fff0ec2d000 	C:\Windows\SYSTEM32\POWRPROF.dll
0x00007fff094c0000 - 0x00007fff094f4000 	C:\Windows\SYSTEM32\WINMM.dll
0x00007fff0ebc0000 - 0x00007fff0ebd3000 	C:\Windows\SYSTEM32\UMPDC.dll
0x00007fff0ee70000 - 0x00007fff0ee88000 	C:\Windows\SYSTEM32\kernel.appcore.dll
0x00007fff05af0000 - 0x00007fff05afa000 	C:\Program Files\Java\jdk-21\bin\jimage.dll
0x00007ffeff450000 - 0x00007ffeff683000 	C:\Windows\SYSTEM32\DBGHELP.DLL
0x00007fff123b0000 - 0x00007fff12738000 	C:\Windows\System32\combase.dll
0x00007fff110f0000 - 0x00007fff111c7000 	C:\Windows\System32\OLEAUT32.dll
0x00007ffeff200000 - 0x00007ffeff232000 	C:\Windows\SYSTEM32\dbgcore.DLL
0x00007fff105e0000 - 0x00007fff10659000 	C:\Windows\System32\bcryptPrimitives.dll
0x00007fff023b0000 - 0x00007fff023bf000 	C:\Program Files\Java\jdk-21\bin\instrument.dll
0x00007ffefa7a0000 - 0x00007ffefa7bf000 	C:\Program Files\Java\jdk-21\bin\java.dll
0x00007fff11240000 - 0x00007fff11a9c000 	C:\Windows\System32\SHELL32.dll
0x00007fff0dcb0000 - 0x00007fff0e5a9000 	C:\Windows\SYSTEM32\windows.storage.dll
0x00007fff0db70000 - 0x00007fff0dcae000 	C:\Windows\SYSTEM32\wintypes.dll
0x00007fff127a0000 - 0x00007fff12893000 	C:\Windows\System32\SHCORE.dll
0x00007fff10910000 - 0x00007fff1096e000 	C:\Windows\System32\shlwapi.dll
0x00007fff0fca0000 - 0x00007fff0fcc1000 	C:\Windows\SYSTEM32\profapi.dll
0x00007ffedd210000 - 0x00007ffedd2e7000 	C:\Program Files\Java\jdk-21\bin\jsvml.dll
0x00007ffef3df0000 - 0x00007ffef3e08000 	C:\Program Files\Java\jdk-21\bin\zip.dll
0x00007fff03940000 - 0x00007fff03950000 	C:\Program Files\Java\jdk-21\bin\net.dll
0x00007fff084e0000 - 0x00007fff08616000 	C:\Windows\SYSTEM32\WINHTTP.dll
0x00007fff0f2d0000 - 0x00007fff0f339000 	C:\Windows\system32\mswsock.dll
0x00007ffef8bc0000 - 0x00007ffef8bd6000 	C:\Program Files\Java\jdk-21\bin\nio.dll
0x00007fff05f30000 - 0x00007fff05f40000 	C:\Program Files\Java\jdk-21\bin\verify.dll
0x00007ffeeef40000 - 0x00007ffeeef67000 	C:\Users\Pc\.gradle\native\c067742578af261105cb4f569cf0c3c89f3d7b1fecec35dd04571415982c5e48\windows-amd64\native-platform.dll
0x00007ffe35ff0000 - 0x00007ffe36134000 	C:\Users\Pc\.gradle\native\38dada09dfb8b06ba9b0570ebf7e218e3eb74d4ef43ca46872605cf95ebc2f47\windows-amd64\native-platform-file-events.dll
0x00007ffef55e0000 - 0x00007ffef55ea000 	C:\Program Files\Java\jdk-21\bin\management.dll
0x00007ffef43d0000 - 0x00007ffef43db000 	C:\Program Files\Java\jdk-21\bin\management_ext.dll
0x00007fff12740000 - 0x00007fff12748000 	C:\Windows\System32\PSAPI.DLL
0x00007fff0f620000 - 0x00007fff0f63b000 	C:\Windows\SYSTEM32\CRYPTSP.dll
0x00007fff0edd0000 - 0x00007fff0ee05000 	C:\Windows\system32\rsaenh.dll
0x00007fff0f370000 - 0x00007fff0f398000 	C:\Windows\SYSTEM32\USERENV.dll
0x00007fff0f600000 - 0x00007fff0f60c000 	C:\Windows\SYSTEM32\CRYPTBASE.dll
0x00007fff0e880000 - 0x00007fff0e8ad000 	C:\Windows\SYSTEM32\IPHLPAPI.DLL
0x00007fff11060000 - 0x00007fff11069000 	C:\Windows\System32\NSI.dll
0x00007ffefc2a0000 - 0x00007ffefc2a9000 	C:\Program Files\Java\jdk-21\bin\extnet.dll
0x00007ffef3f30000 - 0x00007ffef3f3e000 	C:\Program Files\Java\jdk-21\bin\sunmscapi.dll
0x00007fff0ffd0000 - 0x00007fff10136000 	C:\Windows\System32\CRYPT32.dll
0x00007fff0f710000 - 0x00007fff0f73e000 	C:\Windows\SYSTEM32\ncrypt.dll
0x00007fff0f6d0000 - 0x00007fff0f707000 	C:\Windows\SYSTEM32\NTASN1.dll
0x00007fff02330000 - 0x00007fff02338000 	C:\Windows\system32\wshunix.dll

dbghelp: loaded successfully - version: 4.0.5 - missing functions: none
symbol engine: initialized successfully - sym options: 0x614 - pdb path: .;C:\Program Files\Java\jdk-21\bin;C:\Windows\SYSTEM32;C:\Windows\WinSxS\amd64_microsoft.windows.common-controls_6595b64144ccf1df_6.0.22621.3235_none_270f74e173860f98;C:\Program Files\Java\jdk-21\bin\server;C:\Users\Pc\.gradle\native\c067742578af261105cb4f569cf0c3c89f3d7b1fecec35dd04571415982c5e48\windows-amd64;C:\Users\Pc\.gradle\native\38dada09dfb8b06ba9b0570ebf7e218e3eb74d4ef43ca46872605cf95ebc2f47\windows-amd64

VM Arguments:
jvm_args: --add-opens=java.base/java.util=ALL-UNNAMED --add-opens=java.base/java.lang=ALL-UNNAMED --add-opens=java.base/java.lang.invoke=ALL-UNNAMED --add-opens=java.prefs/java.util.prefs=ALL-UNNAMED --add-opens=java.base/java.nio.charset=ALL-UNNAMED --add-opens=java.base/java.net=ALL-UNNAMED --add-opens=java.base/java.util.concurrent.atomic=ALL-UNNAMED -XX:MaxMetaspaceSize=384m -XX:+HeapDumpOnOutOfMemoryError -Xms256m -Xmx512m -Dfile.encoding=windows-1252 -Duser.country=US -Duser.language=en -Duser.variant -javaagent:C:\Users\Pc\.gradle\wrapper\dists\gradle-8.7-bin\bhs2wmbdwecv87pi65oeuq5iu\gradle-8.7\lib\agents\gradle-instrumentation-agent-8.7.jar 
java_command: org.gradle.launcher.daemon.bootstrap.GradleDaemon 8.7
java_class_path (initial): C:\Users\Pc\.gradle\wrapper\dists\gradle-8.7-bin\bhs2wmbdwecv87pi65oeuq5iu\gradle-8.7\lib\gradle-launcher-8.7.jar
Launcher Type: SUN_STANDARD

[Global flags]
     intx CICompilerCount                          = 3                                         {product} {ergonomic}
   size_t CompressedClassSpaceSize                 = 335544320                                 {product} {ergonomic}
     uint ConcGCThreads                            = 1                                         {product} {ergonomic}
     uint G1ConcRefinementThreads                  = 4                                         {product} {ergonomic}
   size_t G1HeapRegionSize                         = 1048576                                   {product} {ergonomic}
    uintx GCDrainStackTargetSize                   = 64                                        {product} {ergonomic}
     bool HeapDumpOnOutOfMemoryError               = true                                   {manageable} {command line}
   size_t InitialHeapSize                          = 268435456                                 {product} {command line}
   size_t MarkStackSize                            = 4194304                                   {product} {ergonomic}
   size_t MaxHeapSize                              = 536870912                                 {product} {command line}
   size_t MaxMetaspaceSize                         = 402653184                                 {product} {command line}
   size_t MaxNewSize                               = 321912832                                 {product} {ergonomic}
   size_t MinHeapDeltaBytes                        = 1048576                                   {product} {ergonomic}
   size_t MinHeapSize                              = 268435456                                 {product} {command line}
    uintx NonNMethodCodeHeapSize                   = 5832780                                {pd product} {ergonomic}
    uintx NonProfiledCodeHeapSize                  = 122912730                              {pd product} {ergonomic}
    uintx ProfiledCodeHeapSize                     = 122912730                              {pd product} {ergonomic}
    uintx ReservedCodeCacheSize                    = 251658240                              {pd product} {ergonomic}
     bool SegmentedCodeCache                       = true                                      {product} {ergonomic}
   size_t SoftMaxHeapSize                          = 536870912                              {manageable} {ergonomic}
     bool UseCompressedOops                        = true                           {product lp64_product} {ergonomic}
     bool UseG1GC                                  = true                                      {product} {ergonomic}
     bool UseLargePagesIndividualAllocation        = false                                  {pd product} {ergonomic}

Logging:
Log output configuration:
 #0: stdout all=warning uptime,level,tags foldmultilines=false
 #1: stderr all=off uptime,level,tags foldmultilines=false

Environment Variables:
PATH=C:\Program Files\Common Files\Oracle\Java\javapath;C:\Windows\system32;C:\Windows;C:\Windows\System32\Wbem;C:\Windows\System32\WindowsPowerShell\v1.0\;C:\Windows\System32\OpenSSH\;C:\Program Files\Docker\Docker\resources\bin;C:\ProgramData\chocolatey\bin;C:\Program Files\Git\cmd;C:\Program Files\Microsoft SQL Server\150\Tools\Binn\;C:\Program Files\Microsoft SQL Server\Client SDK\ODBC\170\Tools\Binn\;C:\Program Files\dotnet\;C:\Program Files (x86)\Microsoft SQL Server\160\Tools\Binn\;C:\Program Files\Microsoft SQL Server\160\Tools\Binn\;C:\Program Files\Microsoft SQL Server\160\DTS\Binn\;C:\Program Files (x86)\Microsoft SQL Server\160\DTS\Binn\;C:\Program Files\MySQL\MySQL Shell 8.0\bin\;C:\Users\Pc\AppData\Local\Microsoft\WindowsApps;C:\Users\Pc\.dotnet\tools;C:\Users\Pc\AppData\Local\Programs\Microsoft VS Code\bin
USERNAME=Pc
OS=Windows_NT
PROCESSOR_IDENTIFIER=Intel64 Family 6 Model 69 Stepping 1, GenuineIntel
TMP=C:\Users\Pc\AppData\Local\Temp
TEMP=C:\Users\Pc\AppData\Local\Temp




Periodic native trim disabled

---------------  S Y S T E M  ---------------

OS:
 Windows 11 , 64 bit Build 22621 (10.0.22621.3374)
OS uptime: 1 days 2:52 hours
Hyper-V role detected

CPU: total 4 (initial active 4) (2 cores per cpu, 2 threads per core) family 6 model 69 stepping 1 microcode 0x26, cx8, cmov, fxsr, ht, mmx, sse, sse2, sse3, ssse3, sse4.1, sse4.2, popcnt, lzcnt, tsc, tscinvbit, avx, avx2, aes, erms, clmul, bmi1, bmi2, fma, vzeroupper, clflush, hv, rdtscp, f16c
Processor Information for all 4 processors :
  Max Mhz: 1701, Current Mhz: 1700, Mhz Limit: 1683

Memory: 4k page, system-wide physical 8095M (196M free)
TotalPageFile size 22294M (AvailPageFile size 2M)
current process WorkingSet (physical memory assigned to process): 424M, peak: 424M
current process commit charge ("private bytes"): 495M, peak: 496M

vm_info: Java HotSpot(TM) 64-Bit Server VM (21.0.2+13-LTS-58) for windows-amd64 JRE (21.0.2+13-LTS-58), built on 2024-01-05T18:32:24Z by "mach5one" with MS VC++ 17.1 (VS2022)

END.
